2019-03-26 16:48:11,495 [INFO] from application in play-dev-mode-akka.actor.default-dispatcher-5 - Creating Pool for datasource 'default'
2019-03-26 16:48:12,072 [INFO] from play.api.db.DefaultDBApi in play-dev-mode-akka.actor.default-dispatcher-5 - Database [default] connected at jdbc:h2:file:./data/productsDB
2019-03-26 16:48:14,387 [WARN] from org.hibernate.validator.messageinterpolation.ParameterMessageInterpolator in play-dev-mode-akka.actor.default-dispatcher-5 - HV000184: ParameterMessageInterpolator has been chosen, EL interpolation will not be supported
2019-03-26 16:48:15,024 [INFO] from play.api.Play in play-dev-mode-akka.actor.default-dispatcher-5 - Application started (Dev)
2019-03-26 16:48:34,871 [INFO] from application in application-akka.actor.default-dispatcher-5 - Shutting down connection pool.
2019-03-26 16:48:35,363 [INFO] from application in play-dev-mode-akka.actor.default-dispatcher-4 - Creating Pool for datasource 'default'
2019-03-26 16:48:35,442 [INFO] from play.api.db.DefaultDBApi in play-dev-mode-akka.actor.default-dispatcher-4 - Database [default] connected at jdbc:h2:file:./data/productsDB
2019-03-26 16:48:35,864 [WARN] from org.hibernate.validator.messageinterpolation.ParameterMessageInterpolator in play-dev-mode-akka.actor.default-dispatcher-4 - HV000184: ParameterMessageInterpolator has been chosen, EL interpolation will not be supported
2019-03-26 16:48:36,083 [INFO] from play.api.Play in play-dev-mode-akka.actor.default-dispatcher-4 - Application started (Dev)
2019-03-26 16:50:42,820 [INFO] from application in application-akka.actor.default-dispatcher-8 - Shutting down connection pool.
2019-03-26 16:50:43,176 [INFO] from application in play-dev-mode-akka.actor.default-dispatcher-13 - Creating Pool for datasource 'default'
2019-03-26 16:50:43,199 [INFO] from play.api.db.DefaultDBApi in play-dev-mode-akka.actor.default-dispatcher-13 - Database [default] connected at jdbc:h2:file:./data/productsDB
2019-03-26 16:50:43,465 [WARN] from org.hibernate.validator.messageinterpolation.ParameterMessageInterpolator in play-dev-mode-akka.actor.default-dispatcher-13 - HV000184: ParameterMessageInterpolator has been chosen, EL interpolation will not be supported
2019-03-26 16:50:43,571 [INFO] from play.api.Play in play-dev-mode-akka.actor.default-dispatcher-13 - Application started (Dev)
2019-03-26 16:51:34,178 [INFO] from application in application-akka.actor.default-dispatcher-5 - Shutting down connection pool.
2019-03-26 16:51:34,505 [INFO] from application in play-dev-mode-akka.actor.default-dispatcher-5 - Creating Pool for datasource 'default'
2019-03-26 16:51:34,571 [INFO] from play.api.db.DefaultDBApi in play-dev-mode-akka.actor.default-dispatcher-5 - Database [default] connected at jdbc:h2:file:./data/productsDB
2019-03-26 16:51:34,935 [WARN] from org.hibernate.validator.messageinterpolation.ParameterMessageInterpolator in play-dev-mode-akka.actor.default-dispatcher-5 - HV000184: ParameterMessageInterpolator has been chosen, EL interpolation will not be supported
2019-03-26 16:51:35,169 [INFO] from play.api.Play in play-dev-mode-akka.actor.default-dispatcher-5 - Application started (Dev)
2019-03-26 16:52:27,005 [INFO] from application in application-akka.actor.default-dispatcher-9 - Shutting down connection pool.
2019-03-26 16:52:27,311 [INFO] from application in play-dev-mode-akka.actor.default-dispatcher-2 - Creating Pool for datasource 'default'
2019-03-26 16:52:27,364 [INFO] from play.api.db.DefaultDBApi in play-dev-mode-akka.actor.default-dispatcher-2 - Database [default] connected at jdbc:h2:file:./data/productsDB
2019-03-26 16:52:27,690 [WARN] from org.hibernate.validator.messageinterpolation.ParameterMessageInterpolator in play-dev-mode-akka.actor.default-dispatcher-2 - HV000184: ParameterMessageInterpolator has been chosen, EL interpolation will not be supported
2019-03-26 16:52:27,769 [INFO] from play.api.Play in play-dev-mode-akka.actor.default-dispatcher-2 - Application started (Dev)
2019-03-26 16:53:01,625 [INFO] from application in application-akka.actor.default-dispatcher-5 - Shutting down connection pool.
2019-03-26 16:53:01,909 [INFO] from application in play-dev-mode-akka.actor.default-dispatcher-2 - Creating Pool for datasource 'default'
2019-03-26 16:53:01,981 [INFO] from play.api.db.DefaultDBApi in play-dev-mode-akka.actor.default-dispatcher-2 - Database [default] connected at jdbc:h2:file:./data/productsDB
2019-03-26 16:53:02,303 [WARN] from org.hibernate.validator.messageinterpolation.ParameterMessageInterpolator in play-dev-mode-akka.actor.default-dispatcher-2 - HV000184: ParameterMessageInterpolator has been chosen, EL interpolation will not be supported
2019-03-26 16:53:02,417 [INFO] from play.api.Play in play-dev-mode-akka.actor.default-dispatcher-2 - Application started (Dev)
2019-03-26 16:55:33,019 [ERROR] from application in play-dev-mode-akka.actor.default-dispatcher-19 - 

! @7bb6n5coa - Internal server error, for (GET) [/listProducts] ->
 
play.sbt.PlayExceptions$CompilationException: Compilation error[value About is not a member of controllers.ReverseProductCtrl]
	at play.sbt.PlayExceptions$CompilationException$.apply(PlayExceptions.scala:34)
	at play.sbt.PlayExceptions$CompilationException$.apply(PlayExceptions.scala:34)
	at scala.Option.map(Option.scala:146)
	at play.sbt.run.PlayReload$.$anonfun$taskFailureHandler$1(PlayReload.scala:33)
	at scala.Option.map(Option.scala:146)
	at play.sbt.run.PlayReload$.taskFailureHandler(PlayReload.scala:28)
	at play.sbt.run.PlayReload$.compileFailure(PlayReload.scala:24)
	at play.sbt.run.PlayReload$.$anonfun$compile$3(PlayReload.scala:51)
	at scala.util.Either$LeftProjection.map(Either.scala:573)
	at play.sbt.run.PlayReload$.compile(PlayReload.scala:51)
	at play.sbt.run.PlayRun$.$anonfun$playRunTask$4(PlayRun.scala:76)
	at play.runsupport.Reloader.$anonfun$reload$1(Reloader.scala:413)
	at play.runsupport.Reloader$$anon$5.run(Reloader.scala:51)
	at java.security.AccessController.doPrivileged(Native Method)
	at play.runsupport.Reloader$.play$runsupport$Reloader$$withReloaderContextClassLoader(Reloader.scala:56)
	at play.runsupport.Reloader.reload(Reloader.scala:413)
	at play.core.server.DevServerStart$$anon$1.get(DevServerStart.scala:123)
	at play.core.server.AkkaHttpServer.handleRequest(AkkaHttpServer.scala:202)
	at play.core.server.AkkaHttpServer.$anonfun$createServerBinding$1(AkkaHttpServer.scala:117)
	at akka.stream.impl.fusing.MapAsync$$anon$25.onPush(Ops.scala:1194)
	at akka.stream.impl.fusing.GraphInterpreter.processPush(GraphInterpreter.scala:519)
	at akka.stream.impl.fusing.GraphInterpreter.processEvent(GraphInterpreter.scala:482)
	at akka.stream.impl.fusing.GraphInterpreter.execute(GraphInterpreter.scala:378)
	at akka.stream.impl.fusing.GraphInterpreterShell.runBatch(ActorGraphInterpreter.scala:585)
	at akka.stream.impl.fusing.GraphInterpreterShell$AsyncInput.execute(ActorGraphInterpreter.scala:469)
	at akka.stream.impl.fusing.GraphInterpreterShell.processEvent(ActorGraphInterpreter.scala:560)
	at akka.stream.impl.fusing.ActorGraphInterpreter.akka$stream$impl$fusing$ActorGraphInterpreter$$processEvent(ActorGraphInterpreter.scala:742)
	at akka.stream.impl.fusing.ActorGraphInterpreter$$anonfun$receive$1.applyOrElse(ActorGraphInterpreter.scala:757)
	at akka.actor.Actor.aroundReceive(Actor.scala:517)
	at akka.actor.Actor.aroundReceive$(Actor.scala:515)
	at akka.stream.impl.fusing.ActorGraphInterpreter.aroundReceive(ActorGraphInterpreter.scala:667)
	at akka.actor.ActorCell.receiveMessage(ActorCell.scala:590)
	at akka.actor.ActorCell.invoke(ActorCell.scala:559)
	at akka.dispatch.Mailbox.processMailbox(Mailbox.scala:257)
	at akka.dispatch.Mailbox.run(Mailbox.scala:224)
	at akka.dispatch.Mailbox.exec(Mailbox.scala:234)
	at akka.dispatch.forkjoin.ForkJoinTask.doExec(ForkJoinTask.java:260)
	at akka.dispatch.forkjoin.ForkJoinPool$WorkQueue.runTask(ForkJoinPool.java:1339)
	at akka.dispatch.forkjoin.ForkJoinPool.runWorker(ForkJoinPool.java:1979)
	at akka.dispatch.forkjoin.ForkJoinWorkerThread.run(ForkJoinWorkerThread.java:107)
2019-03-26 16:55:35,651 [ERROR] from application in play-dev-mode-akka.actor.default-dispatcher-35 - 

! @7bb6n5h2i - Internal server error, for (GET) [/] ->
 
play.sbt.PlayExceptions$CompilationException: Compilation error[value About is not a member of controllers.ReverseProductCtrl]
	at play.sbt.PlayExceptions$CompilationException$.apply(PlayExceptions.scala:34)
	at play.sbt.PlayExceptions$CompilationException$.apply(PlayExceptions.scala:34)
	at scala.Option.map(Option.scala:146)
	at play.sbt.run.PlayReload$.$anonfun$taskFailureHandler$1(PlayReload.scala:33)
	at scala.Option.map(Option.scala:146)
	at play.sbt.run.PlayReload$.taskFailureHandler(PlayReload.scala:28)
	at play.sbt.run.PlayReload$.compileFailure(PlayReload.scala:24)
	at play.sbt.run.PlayReload$.$anonfun$compile$3(PlayReload.scala:51)
	at scala.util.Either$LeftProjection.map(Either.scala:573)
	at play.sbt.run.PlayReload$.compile(PlayReload.scala:51)
	at play.sbt.run.PlayRun$.$anonfun$playRunTask$4(PlayRun.scala:76)
	at play.runsupport.Reloader.$anonfun$reload$1(Reloader.scala:413)
	at play.runsupport.Reloader$$anon$5.run(Reloader.scala:51)
	at java.security.AccessController.doPrivileged(Native Method)
	at play.runsupport.Reloader$.play$runsupport$Reloader$$withReloaderContextClassLoader(Reloader.scala:56)
	at play.runsupport.Reloader.reload(Reloader.scala:413)
	at play.core.server.DevServerStart$$anon$1.get(DevServerStart.scala:123)
	at play.core.server.AkkaHttpServer.handleRequest(AkkaHttpServer.scala:202)
	at play.core.server.AkkaHttpServer.$anonfun$createServerBinding$1(AkkaHttpServer.scala:117)
	at akka.stream.impl.fusing.MapAsync$$anon$25.onPush(Ops.scala:1194)
	at akka.stream.impl.fusing.GraphInterpreter.processPush(GraphInterpreter.scala:519)
	at akka.stream.impl.fusing.GraphInterpreter.processEvent(GraphInterpreter.scala:482)
	at akka.stream.impl.fusing.GraphInterpreter.execute(GraphInterpreter.scala:378)
	at akka.stream.impl.fusing.GraphInterpreterShell.runBatch(ActorGraphInterpreter.scala:585)
	at akka.stream.impl.fusing.GraphInterpreterShell$AsyncInput.execute(ActorGraphInterpreter.scala:469)
	at akka.stream.impl.fusing.GraphInterpreterShell.processEvent(ActorGraphInterpreter.scala:560)
	at akka.stream.impl.fusing.ActorGraphInterpreter.akka$stream$impl$fusing$ActorGraphInterpreter$$processEvent(ActorGraphInterpreter.scala:742)
	at akka.stream.impl.fusing.ActorGraphInterpreter$$anonfun$receive$1.applyOrElse(ActorGraphInterpreter.scala:757)
	at akka.actor.Actor.aroundReceive(Actor.scala:517)
	at akka.actor.Actor.aroundReceive$(Actor.scala:515)
	at akka.stream.impl.fusing.ActorGraphInterpreter.aroundReceive(ActorGraphInterpreter.scala:667)
	at akka.actor.ActorCell.receiveMessage(ActorCell.scala:590)
	at akka.actor.ActorCell.invoke(ActorCell.scala:559)
	at akka.dispatch.Mailbox.processMailbox(Mailbox.scala:257)
	at akka.dispatch.Mailbox.run(Mailbox.scala:224)
	at akka.dispatch.Mailbox.exec(Mailbox.scala:234)
	at akka.dispatch.forkjoin.ForkJoinTask.doExec(ForkJoinTask.java:260)
	at akka.dispatch.forkjoin.ForkJoinPool$WorkQueue.runTask(ForkJoinPool.java:1339)
	at akka.dispatch.forkjoin.ForkJoinPool.runWorker(ForkJoinPool.java:1979)
	at akka.dispatch.forkjoin.ForkJoinWorkerThread.run(ForkJoinWorkerThread.java:107)
2019-03-26 16:55:47,589 [ERROR] from application in play-dev-mode-akka.actor.default-dispatcher-19 - 

! @7bb6n68jn - Internal server error, for (GET) [/] ->
 
play.sbt.PlayExceptions$CompilationException: Compilation error[value About is not a member of controllers.ReverseProductCtrl]
	at play.sbt.PlayExceptions$CompilationException$.apply(PlayExceptions.scala:34)
	at play.sbt.PlayExceptions$CompilationException$.apply(PlayExceptions.scala:34)
	at scala.Option.map(Option.scala:146)
	at play.sbt.run.PlayReload$.$anonfun$taskFailureHandler$1(PlayReload.scala:33)
	at scala.Option.map(Option.scala:146)
	at play.sbt.run.PlayReload$.taskFailureHandler(PlayReload.scala:28)
	at play.sbt.run.PlayReload$.compileFailure(PlayReload.scala:24)
	at play.sbt.run.PlayReload$.$anonfun$compile$3(PlayReload.scala:51)
	at scala.util.Either$LeftProjection.map(Either.scala:573)
	at play.sbt.run.PlayReload$.compile(PlayReload.scala:51)
	at play.sbt.run.PlayRun$.$anonfun$playRunTask$4(PlayRun.scala:76)
	at play.runsupport.Reloader.$anonfun$reload$1(Reloader.scala:413)
	at play.runsupport.Reloader$$anon$5.run(Reloader.scala:51)
	at java.security.AccessController.doPrivileged(Native Method)
	at play.runsupport.Reloader$.play$runsupport$Reloader$$withReloaderContextClassLoader(Reloader.scala:56)
	at play.runsupport.Reloader.reload(Reloader.scala:413)
	at play.core.server.DevServerStart$$anon$1.get(DevServerStart.scala:123)
	at play.core.server.AkkaHttpServer.handleRequest(AkkaHttpServer.scala:202)
	at play.core.server.AkkaHttpServer.$anonfun$createServerBinding$1(AkkaHttpServer.scala:117)
	at akka.stream.impl.fusing.MapAsync$$anon$25.onPush(Ops.scala:1194)
	at akka.stream.impl.fusing.GraphInterpreter.processPush(GraphInterpreter.scala:519)
	at akka.stream.impl.fusing.GraphInterpreter.processEvent(GraphInterpreter.scala:482)
	at akka.stream.impl.fusing.GraphInterpreter.execute(GraphInterpreter.scala:378)
	at akka.stream.impl.fusing.GraphInterpreterShell.runBatch(ActorGraphInterpreter.scala:585)
	at akka.stream.impl.fusing.GraphInterpreterShell$AsyncInput.execute(ActorGraphInterpreter.scala:469)
	at akka.stream.impl.fusing.GraphInterpreterShell.processEvent(ActorGraphInterpreter.scala:560)
	at akka.stream.impl.fusing.ActorGraphInterpreter.akka$stream$impl$fusing$ActorGraphInterpreter$$processEvent(ActorGraphInterpreter.scala:742)
	at akka.stream.impl.fusing.ActorGraphInterpreter$$anonfun$receive$1.applyOrElse(ActorGraphInterpreter.scala:757)
	at akka.actor.Actor.aroundReceive(Actor.scala:517)
	at akka.actor.Actor.aroundReceive$(Actor.scala:515)
	at akka.stream.impl.fusing.ActorGraphInterpreter.aroundReceive(ActorGraphInterpreter.scala:667)
	at akka.actor.ActorCell.receiveMessage(ActorCell.scala:590)
	at akka.actor.ActorCell.invoke(ActorCell.scala:559)
	at akka.dispatch.Mailbox.processMailbox(Mailbox.scala:257)
	at akka.dispatch.Mailbox.run(Mailbox.scala:224)
	at akka.dispatch.Mailbox.exec(Mailbox.scala:234)
	at akka.dispatch.forkjoin.ForkJoinTask.doExec(ForkJoinTask.java:260)
	at akka.dispatch.forkjoin.ForkJoinPool$WorkQueue.runTask(ForkJoinPool.java:1339)
	at akka.dispatch.forkjoin.ForkJoinPool.runWorker(ForkJoinPool.java:1979)
	at akka.dispatch.forkjoin.ForkJoinWorkerThread.run(ForkJoinWorkerThread.java:107)
2019-03-26 16:56:06,601 [INFO] from application in application-akka.actor.default-dispatcher-10 - Shutting down connection pool.
2019-03-26 16:56:06,894 [INFO] from application in play-dev-mode-akka.actor.default-dispatcher-22 - Creating Pool for datasource 'default'
2019-03-26 16:56:06,947 [INFO] from play.api.db.DefaultDBApi in play-dev-mode-akka.actor.default-dispatcher-22 - Database [default] connected at jdbc:h2:file:./data/productsDB
2019-03-26 16:56:07,285 [WARN] from org.hibernate.validator.messageinterpolation.ParameterMessageInterpolator in play-dev-mode-akka.actor.default-dispatcher-22 - HV000184: ParameterMessageInterpolator has been chosen, EL interpolation will not be supported
2019-03-26 16:56:07,378 [INFO] from play.api.Play in play-dev-mode-akka.actor.default-dispatcher-22 - Application started (Dev)
2019-03-26 16:57:17,277 [INFO] from application in application-akka.actor.default-dispatcher-9 - Shutting down connection pool.
2019-03-26 16:57:17,685 [INFO] from application in play-dev-mode-akka.actor.default-dispatcher-35 - Creating Pool for datasource 'default'
2019-03-26 16:57:17,766 [INFO] from play.api.db.DefaultDBApi in play-dev-mode-akka.actor.default-dispatcher-35 - Database [default] connected at jdbc:h2:file:./data/productsDB
2019-03-26 16:57:18,137 [WARN] from org.hibernate.validator.messageinterpolation.ParameterMessageInterpolator in play-dev-mode-akka.actor.default-dispatcher-35 - HV000184: ParameterMessageInterpolator has been chosen, EL interpolation will not be supported
2019-03-26 16:57:18,442 [INFO] from play.api.Play in play-dev-mode-akka.actor.default-dispatcher-35 - Application started (Dev)
2019-03-26 16:58:05,383 [INFO] from application in application-akka.actor.default-dispatcher-4 - Shutting down connection pool.
2019-03-26 16:58:05,654 [INFO] from application in play-dev-mode-akka.actor.default-dispatcher-38 - Creating Pool for datasource 'default'
2019-03-26 16:58:05,705 [INFO] from play.api.db.DefaultDBApi in play-dev-mode-akka.actor.default-dispatcher-38 - Database [default] connected at jdbc:h2:file:./data/productsDB
2019-03-26 16:58:06,118 [WARN] from org.hibernate.validator.messageinterpolation.ParameterMessageInterpolator in play-dev-mode-akka.actor.default-dispatcher-38 - HV000184: ParameterMessageInterpolator has been chosen, EL interpolation will not be supported
2019-03-26 16:58:06,285 [INFO] from play.api.Play in play-dev-mode-akka.actor.default-dispatcher-38 - Application started (Dev)
2019-03-26 17:01:35,623 [INFO] from application in application-akka.actor.default-dispatcher-12 - Shutting down connection pool.
2019-03-26 17:01:35,899 [INFO] from application in play-dev-mode-akka.actor.default-dispatcher-70 - Creating Pool for datasource 'default'
2019-03-26 17:01:35,942 [INFO] from play.api.db.DefaultDBApi in play-dev-mode-akka.actor.default-dispatcher-70 - Database [default] connected at jdbc:h2:file:./data/productsDB
2019-03-26 17:01:36,108 [ERROR] from application in play-dev-mode-akka.actor.default-dispatcher-70 - 

! @7bb6o046g - Internal server error, for (GET) [/Admin/listProducts] ->
 
play.api.db.evolutions.InvalidDatabaseRevision: Database 'default' needs evolution![An SQL script need to be run on your database.]
	at play.api.db.evolutions.ApplicationEvolutions.$anonfun$runEvolutions$1(ApplicationEvolutions.scala:78)
	at play.api.db.evolutions.ApplicationEvolutions.withLock(ApplicationEvolutions.scala:100)
	at play.api.db.evolutions.ApplicationEvolutions.runEvolutions(ApplicationEvolutions.scala:49)
	at play.api.db.evolutions.ApplicationEvolutions.$anonfun$start$1(ApplicationEvolutions.scala:42)
	at play.api.db.evolutions.ApplicationEvolutions.$anonfun$start$1$adapted(ApplicationEvolutions.scala:42)
	at scala.collection.immutable.List.foreach(List.scala:389)
	at play.api.db.evolutions.ApplicationEvolutions.start(ApplicationEvolutions.scala:42)
	at play.api.db.evolutions.ApplicationEvolutions.<init>(ApplicationEvolutions.scala:151)
	at play.api.db.evolutions.ApplicationEvolutionsProvider.get$lzycompute(EvolutionsModule.scala:50)
	at play.api.db.evolutions.ApplicationEvolutionsProvider.get(EvolutionsModule.scala:49)
	at play.api.db.evolutions.ApplicationEvolutionsProvider.get(EvolutionsModule.scala:40)
	at com.google.inject.internal.ProviderInternalFactory.provision(ProviderInternalFactory.java:81)
	at com.google.inject.internal.BoundProviderFactory.provision(BoundProviderFactory.java:72)
	at com.google.inject.internal.ProviderInternalFactory.circularGet(ProviderInternalFactory.java:61)
	at com.google.inject.internal.BoundProviderFactory.get(BoundProviderFactory.java:62)
	at com.google.inject.internal.ProviderToInternalFactoryAdapter$1.call(ProviderToInternalFactoryAdapter.java:46)
	at com.google.inject.internal.InjectorImpl.callInContext(InjectorImpl.java:1092)
	at com.google.inject.internal.ProviderToInternalFactoryAdapter.get(ProviderToInternalFactoryAdapter.java:40)
	at com.google.inject.internal.SingletonScope$1.get(SingletonScope.java:194)
	at com.google.inject.internal.InternalFactoryToProviderAdapter.get(InternalFactoryToProviderAdapter.java:41)
	at com.google.inject.internal.InternalInjectorCreator$1.call(InternalInjectorCreator.java:205)
	at com.google.inject.internal.InternalInjectorCreator$1.call(InternalInjectorCreator.java:199)
	at com.google.inject.internal.InjectorImpl.callInContext(InjectorImpl.java:1085)
	at com.google.inject.internal.InternalInjectorCreator.loadEagerSingletons(InternalInjectorCreator.java:199)
	at com.google.inject.internal.InternalInjectorCreator.injectDynamically(InternalInjectorCreator.java:180)
	at com.google.inject.internal.InternalInjectorCreator.build(InternalInjectorCreator.java:110)
	at com.google.inject.Guice.createInjector(Guice.java:99)
	at com.google.inject.Guice.createInjector(Guice.java:84)
	at play.api.inject.guice.GuiceBuilder.injector(GuiceInjectorBuilder.scala:185)
	at play.api.inject.guice.GuiceApplicationBuilder.build(GuiceApplicationBuilder.scala:137)
	at play.api.inject.guice.GuiceApplicationLoader.load(GuiceApplicationLoader.scala:21)
	at play.core.server.DevServerStart$$anon$1.$anonfun$reload$3(DevServerStart.scala:174)
	at play.utils.Threads$.withContextClassLoader(Threads.scala:21)
	at play.core.server.DevServerStart$$anon$1.reload(DevServerStart.scala:171)
	at play.core.server.DevServerStart$$anon$1.get(DevServerStart.scala:124)
	at play.core.server.AkkaHttpServer.handleRequest(AkkaHttpServer.scala:202)
	at play.core.server.AkkaHttpServer.$anonfun$createServerBinding$1(AkkaHttpServer.scala:117)
	at akka.stream.impl.fusing.MapAsync$$anon$25.onPush(Ops.scala:1194)
	at akka.stream.impl.fusing.GraphInterpreter.processPush(GraphInterpreter.scala:519)
	at akka.stream.impl.fusing.GraphInterpreter.processEvent(GraphInterpreter.scala:482)
	at akka.stream.impl.fusing.GraphInterpreter.execute(GraphInterpreter.scala:378)
	at akka.stream.impl.fusing.GraphInterpreterShell.runBatch(ActorGraphInterpreter.scala:585)
	at akka.stream.impl.fusing.GraphInterpreterShell$AsyncInput.execute(ActorGraphInterpreter.scala:469)
	at akka.stream.impl.fusing.GraphInterpreterShell.processEvent(ActorGraphInterpreter.scala:560)
	at akka.stream.impl.fusing.ActorGraphInterpreter.akka$stream$impl$fusing$ActorGraphInterpreter$$processEvent(ActorGraphInterpreter.scala:742)
	at akka.stream.impl.fusing.ActorGraphInterpreter$$anonfun$receive$1.applyOrElse(ActorGraphInterpreter.scala:757)
	at akka.actor.Actor.aroundReceive(Actor.scala:517)
	at akka.actor.Actor.aroundReceive$(Actor.scala:515)
	at akka.stream.impl.fusing.ActorGraphInterpreter.aroundReceive(ActorGraphInterpreter.scala:667)
	at akka.actor.ActorCell.receiveMessage(ActorCell.scala:590)
	at akka.actor.ActorCell.invoke(ActorCell.scala:559)
	at akka.dispatch.Mailbox.processMailbox(Mailbox.scala:257)
	at akka.dispatch.Mailbox.run(Mailbox.scala:224)
	at akka.dispatch.Mailbox.exec(Mailbox.scala:234)
	at akka.dispatch.forkjoin.ForkJoinTask.doExec(ForkJoinTask.java:260)
	at akka.dispatch.forkjoin.ForkJoinPool$WorkQueue.runTask(ForkJoinPool.java:1339)
	at akka.dispatch.forkjoin.ForkJoinPool.runWorker(ForkJoinPool.java:1979)
	at akka.dispatch.forkjoin.ForkJoinWorkerThread.run(ForkJoinWorkerThread.java:107)
2019-03-26 17:01:37,611 [ERROR] from play.api.db.evolutions.DefaultEvolutionsApi in play-dev-mode-akka.actor.default-dispatcher-38 - Unique index or primary key violation: "PRIMARY KEY ON PUBLIC.CATEGORY(ID)"; SQL statement:
insert into category (id,name) values ( 1,'TEST' ) [23505-197] [ERROR:23505, SQLSTATE:23505]
2019-03-26 17:01:37,614 [ERROR] from application in play-dev-mode-akka.actor.default-dispatcher-38 - 

! @7bb6o06ea - Internal server error, for (GET) [/Admin/listProducts/@evolutions/apply/default?redirect=http%3A%2F%2Flocalhost%3A9000%2FAdmin%2FlistProducts] ->
 
play.api.db.evolutions.InconsistentDatabase: Database 'default' is in an inconsistent state![An evolution has not been applied properly. Please check the problem and resolve it manually before marking it as resolved.]
	at play.api.db.evolutions.DatabaseEvolutions.$anonfun$checkEvolutionsState$3(EvolutionsApi.scala:288)
	at play.api.db.evolutions.DatabaseEvolutions.$anonfun$checkEvolutionsState$3$adapted(EvolutionsApi.scala:273)
	at play.api.db.evolutions.DatabaseEvolutions.executeQuery(EvolutionsApi.scala:320)
	at play.api.db.evolutions.DatabaseEvolutions.checkEvolutionsState(EvolutionsApi.scala:273)
	at play.api.db.evolutions.DatabaseEvolutions.evolve(EvolutionsApi.scala:242)
	at play.api.db.evolutions.DefaultEvolutionsApi.evolve(EvolutionsApi.scala:97)
	at play.api.db.evolutions.EvolutionsWebCommands.handleWebCommand(ApplicationEvolutions.scala:366)
	at play.core.DefaultWebCommands.$anonfun$handleWebCommand$1(WebCommands.scala:40)
	at scala.collection.immutable.Stream.flatMap(Stream.scala:486)
	at play.core.DefaultWebCommands.handleWebCommand(WebCommands.scala:40)
	at play.core.server.DevServerStart$$anon$1.$anonfun$handleWebCommand$1(DevServerStart.scala:134)
	at scala.Option.flatMap(Option.scala:171)
	at play.core.server.DevServerStart$$anon$1.handleWebCommand(DevServerStart.scala:134)
	at play.core.server.AkkaHttpServer$$anon$4.handleWebCommand(AkkaHttpServer.scala:243)
	at play.core.server.Server$.getHandlerFor(Server.scala:115)
	at play.core.server.AkkaHttpServer.getHandler(AkkaHttpServer.scala:246)
	at play.core.server.AkkaHttpServer.handleRequest(AkkaHttpServer.scala:217)
	at play.core.server.AkkaHttpServer.$anonfun$createServerBinding$1(AkkaHttpServer.scala:117)
	at akka.stream.impl.fusing.MapAsync$$anon$25.onPush(Ops.scala:1194)
	at akka.stream.impl.fusing.GraphInterpreter.processPush(GraphInterpreter.scala:519)
	at akka.stream.impl.fusing.GraphInterpreter.processEvent(GraphInterpreter.scala:482)
	at akka.stream.impl.fusing.GraphInterpreter.execute(GraphInterpreter.scala:378)
	at akka.stream.impl.fusing.GraphInterpreterShell.runBatch(ActorGraphInterpreter.scala:585)
	at akka.stream.impl.fusing.GraphInterpreterShell$AsyncInput.execute(ActorGraphInterpreter.scala:469)
	at akka.stream.impl.fusing.GraphInterpreterShell.processEvent(ActorGraphInterpreter.scala:560)
	at akka.stream.impl.fusing.ActorGraphInterpreter.akka$stream$impl$fusing$ActorGraphInterpreter$$processEvent(ActorGraphInterpreter.scala:742)
	at akka.stream.impl.fusing.ActorGraphInterpreter$$anonfun$receive$1.applyOrElse(ActorGraphInterpreter.scala:757)
	at akka.actor.Actor.aroundReceive(Actor.scala:517)
	at akka.actor.Actor.aroundReceive$(Actor.scala:515)
	at akka.stream.impl.fusing.ActorGraphInterpreter.aroundReceive(ActorGraphInterpreter.scala:667)
	at akka.actor.ActorCell.receiveMessage(ActorCell.scala:590)
	at akka.actor.ActorCell.invoke(ActorCell.scala:559)
	at akka.dispatch.Mailbox.processMailbox(Mailbox.scala:257)
	at akka.dispatch.Mailbox.run(Mailbox.scala:224)
	at akka.dispatch.Mailbox.exec(Mailbox.scala:234)
	at akka.dispatch.forkjoin.ForkJoinTask.doExec(ForkJoinTask.java:260)
	at akka.dispatch.forkjoin.ForkJoinPool$WorkQueue.runTask(ForkJoinPool.java:1339)
	at akka.dispatch.forkjoin.ForkJoinPool.runWorker(ForkJoinPool.java:1979)
	at akka.dispatch.forkjoin.ForkJoinWorkerThread.run(ForkJoinWorkerThread.java:107)
2019-03-26 17:01:43,306 [INFO] from application in play-dev-mode-akka.actor.default-dispatcher-38 - Shutting down connection pool.
2019-03-26 17:01:43,577 [INFO] from application in play-dev-mode-akka.actor.default-dispatcher-38 - Creating Pool for datasource 'default'
2019-03-26 17:01:43,633 [INFO] from play.api.db.DefaultDBApi in play-dev-mode-akka.actor.default-dispatcher-38 - Database [default] connected at jdbc:h2:file:./data/productsDB
2019-03-26 17:01:43,918 [WARN] from org.hibernate.validator.messageinterpolation.ParameterMessageInterpolator in play-dev-mode-akka.actor.default-dispatcher-38 - HV000184: ParameterMessageInterpolator has been chosen, EL interpolation will not be supported
2019-03-26 17:01:43,996 [INFO] from play.api.Play in play-dev-mode-akka.actor.default-dispatcher-38 - Application started (Dev)
2019-03-26 17:01:48,635 [INFO] from application in application-akka.actor.default-dispatcher-3 - Shutting down connection pool.
2019-03-26 17:01:48,872 [INFO] from application in play-dev-mode-akka.actor.default-dispatcher-38 - Creating Pool for datasource 'default'
2019-03-26 17:01:48,909 [INFO] from play.api.db.DefaultDBApi in play-dev-mode-akka.actor.default-dispatcher-38 - Database [default] connected at jdbc:h2:file:./data/productsDB
2019-03-26 17:01:49,203 [WARN] from org.hibernate.validator.messageinterpolation.ParameterMessageInterpolator in play-dev-mode-akka.actor.default-dispatcher-38 - HV000184: ParameterMessageInterpolator has been chosen, EL interpolation will not be supported
2019-03-26 17:01:49,318 [INFO] from play.api.Play in play-dev-mode-akka.actor.default-dispatcher-38 - Application started (Dev)
2019-03-26 17:02:10,081 [INFO] from application in application-akka.actor.default-dispatcher-2 - Shutting down connection pool.
2019-03-26 17:02:10,276 [INFO] from application in play-dev-mode-akka.actor.default-dispatcher-47 - Creating Pool for datasource 'default'
2019-03-26 17:02:10,322 [INFO] from play.api.db.DefaultDBApi in play-dev-mode-akka.actor.default-dispatcher-47 - Database [default] connected at jdbc:h2:file:./data/productsDB
2019-03-26 17:02:10,543 [ERROR] from play.api.db.evolutions.DefaultEvolutionsApi in play-dev-mode-akka.actor.default-dispatcher-47 - Unique index or primary key violation: "PRIMARY KEY ON PUBLIC.CATEGORY(ID)"; SQL statement:
insert into category (id,name) values ( 1,'TEST' ) [23505-197] [ERROR:23505, SQLSTATE:23505]
2019-03-26 17:02:10,547 [ERROR] from application in play-dev-mode-akka.actor.default-dispatcher-47 - 

! @7bb6o2371 - Internal server error, for (GET) [/Admin/listProducts/@evolutions/apply/default?redirect=http%3A%2F%2Flocalhost%3A9000%2FAdmin%2FlistProducts] ->
 
play.api.db.evolutions.InconsistentDatabase: Database 'default' is in an inconsistent state![An evolution has not been applied properly. Please check the problem and resolve it manually before marking it as resolved.]
	at play.api.db.evolutions.DatabaseEvolutions.$anonfun$checkEvolutionsState$3(EvolutionsApi.scala:288)
	at play.api.db.evolutions.DatabaseEvolutions.$anonfun$checkEvolutionsState$3$adapted(EvolutionsApi.scala:273)
	at play.api.db.evolutions.DatabaseEvolutions.executeQuery(EvolutionsApi.scala:320)
	at play.api.db.evolutions.DatabaseEvolutions.checkEvolutionsState(EvolutionsApi.scala:273)
	at play.api.db.evolutions.DatabaseEvolutions.evolve(EvolutionsApi.scala:242)
	at play.api.db.evolutions.DefaultEvolutionsApi.evolve(EvolutionsApi.scala:97)
	at play.api.db.evolutions.EvolutionsWebCommands.handleWebCommand(ApplicationEvolutions.scala:366)
	at play.core.DefaultWebCommands.$anonfun$handleWebCommand$1(WebCommands.scala:40)
	at scala.collection.immutable.Stream.flatMap(Stream.scala:486)
	at play.core.DefaultWebCommands.handleWebCommand(WebCommands.scala:40)
	at play.core.server.DevServerStart$$anon$1.$anonfun$handleWebCommand$1(DevServerStart.scala:134)
	at scala.Option.flatMap(Option.scala:171)
	at play.core.server.DevServerStart$$anon$1.handleWebCommand(DevServerStart.scala:134)
	at play.core.server.AkkaHttpServer$$anon$4.handleWebCommand(AkkaHttpServer.scala:243)
	at play.core.server.Server$.getHandlerFor(Server.scala:115)
	at play.core.server.AkkaHttpServer.getHandler(AkkaHttpServer.scala:246)
	at play.core.server.AkkaHttpServer.handleRequest(AkkaHttpServer.scala:217)
	at play.core.server.AkkaHttpServer.$anonfun$createServerBinding$1(AkkaHttpServer.scala:117)
	at akka.stream.impl.fusing.MapAsync$$anon$25.onPush(Ops.scala:1194)
	at akka.stream.impl.fusing.GraphInterpreter.processPush(GraphInterpreter.scala:519)
	at akka.stream.impl.fusing.GraphInterpreter.processEvent(GraphInterpreter.scala:482)
	at akka.stream.impl.fusing.GraphInterpreter.execute(GraphInterpreter.scala:378)
	at akka.stream.impl.fusing.GraphInterpreterShell.runBatch(ActorGraphInterpreter.scala:585)
	at akka.stream.impl.fusing.GraphInterpreterShell$AsyncInput.execute(ActorGraphInterpreter.scala:469)
	at akka.stream.impl.fusing.GraphInterpreterShell.processEvent(ActorGraphInterpreter.scala:560)
	at akka.stream.impl.fusing.ActorGraphInterpreter.akka$stream$impl$fusing$ActorGraphInterpreter$$processEvent(ActorGraphInterpreter.scala:742)
	at akka.stream.impl.fusing.ActorGraphInterpreter$$anonfun$receive$1.applyOrElse(ActorGraphInterpreter.scala:757)
	at akka.actor.Actor.aroundReceive(Actor.scala:517)
	at akka.actor.Actor.aroundReceive$(Actor.scala:515)
	at akka.stream.impl.fusing.ActorGraphInterpreter.aroundReceive(ActorGraphInterpreter.scala:667)
	at akka.actor.ActorCell.receiveMessage(ActorCell.scala:590)
	at akka.actor.ActorCell.invoke(ActorCell.scala:559)
	at akka.dispatch.Mailbox.processMailbox(Mailbox.scala:257)
	at akka.dispatch.Mailbox.run(Mailbox.scala:224)
	at akka.dispatch.Mailbox.exec(Mailbox.scala:234)
	at akka.dispatch.forkjoin.ForkJoinTask.doExec(ForkJoinTask.java:260)
	at akka.dispatch.forkjoin.ForkJoinPool$WorkQueue.runTask(ForkJoinPool.java:1339)
	at akka.dispatch.forkjoin.ForkJoinPool.runWorker(ForkJoinPool.java:1979)
	at akka.dispatch.forkjoin.ForkJoinWorkerThread.run(ForkJoinWorkerThread.java:107)
2019-03-26 17:03:10,868 [INFO] from application in play-dev-mode-akka.actor.default-dispatcher-47 - Shutting down connection pool.
2019-03-26 17:03:11,111 [INFO] from application in play-dev-mode-akka.actor.default-dispatcher-47 - Creating Pool for datasource 'default'
2019-03-26 17:03:11,139 [INFO] from play.api.db.DefaultDBApi in play-dev-mode-akka.actor.default-dispatcher-47 - Database [default] connected at jdbc:h2:file:./data/productsDB
2019-03-26 17:03:11,253 [ERROR] from play.api.db.evolutions.DefaultEvolutionsApi in play-dev-mode-akka.actor.default-dispatcher-47 - Unique index or primary key violation: "PRIMARY KEY ON PUBLIC.CATEGORY(ID)"; SQL statement:
insert into category (id,name) values ( 1,'TEST' ) [23505-197] [ERROR:23505, SQLSTATE:23505]
2019-03-26 17:03:11,276 [ERROR] from play.api.db.evolutions.DefaultEvolutionsApi in play-dev-mode-akka.actor.default-dispatcher-47 - Unique index or primary key violation: "PRIMARY KEY ON PUBLIC.CATEGORY(ID)"; SQL statement:
insert into category (id,name) values ( 1,'TEST' ) [23505-197] [ERROR:23505, SQLSTATE:23505]
2019-03-26 17:03:11,286 [ERROR] from application in play-dev-mode-akka.actor.default-dispatcher-47 - 

! @7bb6o5f34 - Internal server error, for (GET) [/Admin/listProducts/@evolutions/apply/default?redirect=http%3A%2F%2Flocalhost%3A9000%2FAdmin%2FlistProducts] ->
 
play.api.db.evolutions.InconsistentDatabase: Database 'default' is in an inconsistent state![An evolution has not been applied properly. Please check the problem and resolve it manually before marking it as resolved.]
	at play.api.db.evolutions.DatabaseEvolutions.$anonfun$checkEvolutionsState$3(EvolutionsApi.scala:288)
	at play.api.db.evolutions.DatabaseEvolutions.$anonfun$checkEvolutionsState$3$adapted(EvolutionsApi.scala:273)
	at play.api.db.evolutions.DatabaseEvolutions.executeQuery(EvolutionsApi.scala:320)
	at play.api.db.evolutions.DatabaseEvolutions.checkEvolutionsState(EvolutionsApi.scala:273)
	at play.api.db.evolutions.DatabaseEvolutions.databaseEvolutions(EvolutionsApi.scala:138)
	at play.api.db.evolutions.DatabaseEvolutions.scripts(EvolutionsApi.scala:113)
	at play.api.db.evolutions.DatabaseEvolutions.scripts(EvolutionsApi.scala:128)
	at play.api.db.evolutions.DefaultEvolutionsApi.scripts(EvolutionsApi.scala:93)
	at play.api.db.evolutions.EvolutionsWebCommands.handleWebCommand(ApplicationEvolutions.scala:365)
	at play.core.DefaultWebCommands.$anonfun$handleWebCommand$1(WebCommands.scala:40)
	at scala.collection.immutable.Stream.flatMap(Stream.scala:486)
	at play.core.DefaultWebCommands.handleWebCommand(WebCommands.scala:40)
	at play.core.server.DevServerStart$$anon$1.$anonfun$handleWebCommand$1(DevServerStart.scala:134)
	at scala.Option.flatMap(Option.scala:171)
	at play.core.server.DevServerStart$$anon$1.handleWebCommand(DevServerStart.scala:134)
	at play.core.server.AkkaHttpServer$$anon$4.handleWebCommand(AkkaHttpServer.scala:243)
	at play.core.server.Server$.getHandlerFor(Server.scala:115)
	at play.core.server.AkkaHttpServer.getHandler(AkkaHttpServer.scala:246)
	at play.core.server.AkkaHttpServer.handleRequest(AkkaHttpServer.scala:217)
	at play.core.server.AkkaHttpServer.$anonfun$createServerBinding$1(AkkaHttpServer.scala:117)
	at akka.stream.impl.fusing.MapAsync$$anon$25.onPush(Ops.scala:1194)
	at akka.stream.impl.fusing.GraphInterpreter.processPush(GraphInterpreter.scala:519)
	at akka.stream.impl.fusing.GraphInterpreter.processEvent(GraphInterpreter.scala:482)
	at akka.stream.impl.fusing.GraphInterpreter.execute(GraphInterpreter.scala:378)
	at akka.stream.impl.fusing.GraphInterpreterShell.runBatch(ActorGraphInterpreter.scala:585)
	at akka.stream.impl.fusing.GraphInterpreterShell$AsyncInput.execute(ActorGraphInterpreter.scala:469)
	at akka.stream.impl.fusing.GraphInterpreterShell.processEvent(ActorGraphInterpreter.scala:560)
	at akka.stream.impl.fusing.ActorGraphInterpreter.akka$stream$impl$fusing$ActorGraphInterpreter$$processEvent(ActorGraphInterpreter.scala:742)
	at akka.stream.impl.fusing.ActorGraphInterpreter$$anonfun$receive$1.applyOrElse(ActorGraphInterpreter.scala:757)
	at akka.actor.Actor.aroundReceive(Actor.scala:517)
	at akka.actor.Actor.aroundReceive$(Actor.scala:515)
	at akka.stream.impl.fusing.ActorGraphInterpreter.aroundReceive(ActorGraphInterpreter.scala:667)
	at akka.actor.ActorCell.receiveMessage(ActorCell.scala:590)
	at akka.actor.ActorCell.invoke(ActorCell.scala:559)
	at akka.dispatch.Mailbox.processMailbox(Mailbox.scala:257)
	at akka.dispatch.Mailbox.run(Mailbox.scala:224)
	at akka.dispatch.Mailbox.exec(Mailbox.scala:234)
	at akka.dispatch.forkjoin.ForkJoinTask.doExec(ForkJoinTask.java:260)
	at akka.dispatch.forkjoin.ForkJoinPool$WorkQueue.runTask(ForkJoinPool.java:1339)
	at akka.dispatch.forkjoin.ForkJoinPool.runWorker(ForkJoinPool.java:1979)
	at akka.dispatch.forkjoin.ForkJoinWorkerThread.run(ForkJoinWorkerThread.java:107)
2019-03-26 17:03:24,837 [INFO] from application in play-dev-mode-akka.actor.default-dispatcher-71 - Shutting down connection pool.
2019-03-26 17:03:25,073 [INFO] from application in play-dev-mode-akka.actor.default-dispatcher-71 - Creating Pool for datasource 'default'
2019-03-26 17:03:25,129 [INFO] from play.api.db.DefaultDBApi in play-dev-mode-akka.actor.default-dispatcher-71 - Database [default] connected at jdbc:h2:file:./data/productsDB
2019-03-26 17:03:25,276 [ERROR] from play.api.db.evolutions.DefaultEvolutionsApi in play-dev-mode-akka.actor.default-dispatcher-71 - Unique index or primary key violation: "PRIMARY KEY ON PUBLIC.CATEGORY(ID)"; SQL statement:
insert into category (id,name) values ( 1,'TEST' ) [23505-197] [ERROR:23505, SQLSTATE:23505]
2019-03-26 17:03:25,280 [ERROR] from application in play-dev-mode-akka.actor.default-dispatcher-71 - 

! @7bb6o69l7 - Internal server error, for (GET) [/] ->
 
play.api.db.evolutions.InconsistentDatabase: Database 'default' is in an inconsistent state![An evolution has not been applied properly. Please check the problem and resolve it manually before marking it as resolved.]
	at play.api.db.evolutions.DatabaseEvolutions.$anonfun$checkEvolutionsState$3(EvolutionsApi.scala:288)
	at play.api.db.evolutions.DatabaseEvolutions.$anonfun$checkEvolutionsState$3$adapted(EvolutionsApi.scala:273)
	at play.api.db.evolutions.DatabaseEvolutions.executeQuery(EvolutionsApi.scala:320)
	at play.api.db.evolutions.DatabaseEvolutions.checkEvolutionsState(EvolutionsApi.scala:273)
	at play.api.db.evolutions.DatabaseEvolutions.databaseEvolutions(EvolutionsApi.scala:138)
	at play.api.db.evolutions.DatabaseEvolutions.scripts(EvolutionsApi.scala:113)
	at play.api.db.evolutions.DatabaseEvolutions.scripts(EvolutionsApi.scala:128)
	at play.api.db.evolutions.DefaultEvolutionsApi.scripts(EvolutionsApi.scala:93)
	at play.api.db.evolutions.ApplicationEvolutions.$anonfun$runEvolutions$1(ApplicationEvolutions.scala:53)
	at play.api.db.evolutions.ApplicationEvolutions.withLock(ApplicationEvolutions.scala:100)
	at play.api.db.evolutions.ApplicationEvolutions.runEvolutions(ApplicationEvolutions.scala:49)
	at play.api.db.evolutions.ApplicationEvolutions.$anonfun$start$1(ApplicationEvolutions.scala:42)
	at play.api.db.evolutions.ApplicationEvolutions.$anonfun$start$1$adapted(ApplicationEvolutions.scala:42)
	at scala.collection.immutable.List.foreach(List.scala:389)
	at play.api.db.evolutions.ApplicationEvolutions.start(ApplicationEvolutions.scala:42)
	at play.api.db.evolutions.ApplicationEvolutions.<init>(ApplicationEvolutions.scala:151)
	at play.api.db.evolutions.ApplicationEvolutionsProvider.get$lzycompute(EvolutionsModule.scala:50)
	at play.api.db.evolutions.ApplicationEvolutionsProvider.get(EvolutionsModule.scala:49)
	at play.api.db.evolutions.ApplicationEvolutionsProvider.get(EvolutionsModule.scala:40)
	at com.google.inject.internal.ProviderInternalFactory.provision(ProviderInternalFactory.java:81)
	at com.google.inject.internal.BoundProviderFactory.provision(BoundProviderFactory.java:72)
	at com.google.inject.internal.ProviderInternalFactory.circularGet(ProviderInternalFactory.java:61)
	at com.google.inject.internal.BoundProviderFactory.get(BoundProviderFactory.java:62)
	at com.google.inject.internal.ProviderToInternalFactoryAdapter$1.call(ProviderToInternalFactoryAdapter.java:46)
	at com.google.inject.internal.InjectorImpl.callInContext(InjectorImpl.java:1092)
	at com.google.inject.internal.ProviderToInternalFactoryAdapter.get(ProviderToInternalFactoryAdapter.java:40)
	at com.google.inject.internal.SingletonScope$1.get(SingletonScope.java:194)
	at com.google.inject.internal.InternalFactoryToProviderAdapter.get(InternalFactoryToProviderAdapter.java:41)
	at com.google.inject.internal.InternalInjectorCreator$1.call(InternalInjectorCreator.java:205)
	at com.google.inject.internal.InternalInjectorCreator$1.call(InternalInjectorCreator.java:199)
	at com.google.inject.internal.InjectorImpl.callInContext(InjectorImpl.java:1085)
	at com.google.inject.internal.InternalInjectorCreator.loadEagerSingletons(InternalInjectorCreator.java:199)
	at com.google.inject.internal.InternalInjectorCreator.injectDynamically(InternalInjectorCreator.java:180)
	at com.google.inject.internal.InternalInjectorCreator.build(InternalInjectorCreator.java:110)
	at com.google.inject.Guice.createInjector(Guice.java:99)
	at com.google.inject.Guice.createInjector(Guice.java:84)
	at play.api.inject.guice.GuiceBuilder.injector(GuiceInjectorBuilder.scala:185)
	at play.api.inject.guice.GuiceApplicationBuilder.build(GuiceApplicationBuilder.scala:137)
	at play.api.inject.guice.GuiceApplicationLoader.load(GuiceApplicationLoader.scala:21)
	at play.core.server.DevServerStart$$anon$1.$anonfun$reload$3(DevServerStart.scala:174)
	at play.utils.Threads$.withContextClassLoader(Threads.scala:21)
	at play.core.server.DevServerStart$$anon$1.reload(DevServerStart.scala:171)
	at play.core.server.DevServerStart$$anon$1.get(DevServerStart.scala:124)
	at play.core.server.AkkaHttpServer.handleRequest(AkkaHttpServer.scala:202)
	at play.core.server.AkkaHttpServer.$anonfun$createServerBinding$1(AkkaHttpServer.scala:117)
	at akka.stream.impl.fusing.MapAsync$$anon$25.onPush(Ops.scala:1194)
	at akka.stream.impl.fusing.GraphInterpreter.processPush(GraphInterpreter.scala:519)
	at akka.stream.impl.fusing.GraphInterpreter.processEvent(GraphInterpreter.scala:482)
	at akka.stream.impl.fusing.GraphInterpreter.execute(GraphInterpreter.scala:378)
	at akka.stream.impl.fusing.GraphInterpreterShell.runBatch(ActorGraphInterpreter.scala:585)
	at akka.stream.impl.fusing.GraphInterpreterShell$AsyncInput.execute(ActorGraphInterpreter.scala:469)
	at akka.stream.impl.fusing.GraphInterpreterShell.processEvent(ActorGraphInterpreter.scala:560)
	at akka.stream.impl.fusing.ActorGraphInterpreter.akka$stream$impl$fusing$ActorGraphInterpreter$$processEvent(ActorGraphInterpreter.scala:742)
	at akka.stream.impl.fusing.ActorGraphInterpreter$$anonfun$receive$1.applyOrElse(ActorGraphInterpreter.scala:757)
	at akka.actor.Actor.aroundReceive(Actor.scala:517)
	at akka.actor.Actor.aroundReceive$(Actor.scala:515)
	at akka.stream.impl.fusing.ActorGraphInterpreter.aroundReceive(ActorGraphInterpreter.scala:667)
	at akka.actor.ActorCell.receiveMessage(ActorCell.scala:590)
	at akka.actor.ActorCell.invoke(ActorCell.scala:559)
	at akka.dispatch.Mailbox.processMailbox(Mailbox.scala:257)
	at akka.dispatch.Mailbox.run(Mailbox.scala:224)
	at akka.dispatch.Mailbox.exec(Mailbox.scala:234)
	at akka.dispatch.forkjoin.ForkJoinTask.doExec(ForkJoinTask.java:260)
	at akka.dispatch.forkjoin.ForkJoinPool$WorkQueue.runTask(ForkJoinPool.java:1339)
	at akka.dispatch.forkjoin.ForkJoinPool.runWorker(ForkJoinPool.java:1979)
	at akka.dispatch.forkjoin.ForkJoinWorkerThread.run(ForkJoinWorkerThread.java:107)
2019-03-26 17:06:41,951 [INFO] from application in play-dev-mode-akka.actor.default-dispatcher-75 - Shutting down connection pool.
2019-03-26 17:06:42,285 [INFO] from application in play-dev-mode-akka.actor.default-dispatcher-75 - Creating Pool for datasource 'default'
2019-03-26 17:06:42,292 [INFO] from play.api.db.DefaultDBApi in play-dev-mode-akka.actor.default-dispatcher-75 - Database [default] connected at jdbc:h2:file:./data/productsDB
2019-03-26 17:06:47,095 [INFO] from application in play-dev-mode-akka.actor.default-dispatcher-75 - Shutting down connection pool.
2019-03-26 17:06:47,320 [INFO] from application in play-dev-mode-akka.actor.default-dispatcher-75 - Creating Pool for datasource 'default'
2019-03-26 17:06:47,368 [INFO] from play.api.db.DefaultDBApi in play-dev-mode-akka.actor.default-dispatcher-75 - Database [default] connected at jdbc:h2:file:./data/productsDB
2019-03-26 17:06:47,617 [WARN] from org.hibernate.validator.messageinterpolation.ParameterMessageInterpolator in play-dev-mode-akka.actor.default-dispatcher-75 - HV000184: ParameterMessageInterpolator has been chosen, EL interpolation will not be supported
2019-03-26 17:06:47,721 [INFO] from play.api.Play in play-dev-mode-akka.actor.default-dispatcher-75 - Application started (Dev)
2019-03-26 17:06:47,787 [ERROR] from application in application-akka.actor.default-dispatcher-6 - 

! @7bb6ohna4 - Internal server error, for (GET) [/Admin/listProducts] ->
 
play.api.http.HttpErrorHandlerExceptions$$anon$1: Execution exception[[NullPointerException: null]]
	at play.api.http.HttpErrorHandlerExceptions$.throwableToUsefulException(HttpErrorHandler.scala:255)
	at play.api.http.DefaultHttpErrorHandler.onServerError(HttpErrorHandler.scala:182)
	at play.core.server.AkkaHttpServer$$anonfun$2.applyOrElse(AkkaHttpServer.scala:343)
	at play.core.server.AkkaHttpServer$$anonfun$2.applyOrElse(AkkaHttpServer.scala:341)
	at scala.concurrent.Future.$anonfun$recoverWith$1(Future.scala:413)
	at scala.concurrent.impl.Promise.$anonfun$transformWith$1(Promise.scala:37)
	at scala.concurrent.impl.CallbackRunnable.run(Promise.scala:60)
	at akka.dispatch.BatchingExecutor$AbstractBatch.processBatch(BatchingExecutor.scala:55)
	at akka.dispatch.BatchingExecutor$BlockableBatch.$anonfun$run$1(BatchingExecutor.scala:91)
	at scala.runtime.java8.JFunction0$mcV$sp.apply(JFunction0$mcV$sp.java:12)
	at scala.concurrent.BlockContext$.withBlockContext(BlockContext.scala:81)
	at akka.dispatch.BatchingExecutor$BlockableBatch.run(BatchingExecutor.scala:91)
	at akka.dispatch.TaskInvocation.run(AbstractDispatcher.scala:40)
	at akka.dispatch.ForkJoinExecutorConfigurator$AkkaForkJoinTask.exec(ForkJoinExecutorConfigurator.scala:43)
	at akka.dispatch.forkjoin.ForkJoinTask.doExec(ForkJoinTask.java:260)
	at akka.dispatch.forkjoin.ForkJoinPool$WorkQueue.runTask(ForkJoinPool.java:1339)
	at akka.dispatch.forkjoin.ForkJoinPool.runWorker(ForkJoinPool.java:1979)
	at akka.dispatch.forkjoin.ForkJoinWorkerThread.run(ForkJoinWorkerThread.java:107)
Caused by: java.lang.NullPointerException: null
	at controllers.security.CheckIfAdmin.call(CheckIfAdmin.java:27)
	at play.mvc.Security$AuthenticatedAction.call(Security.java:69)
	at play.db.ebean.TransactionalAction.lambda$call$6(TransactionalAction.java:18)
	at io.ebeaninternal.server.core.DefaultServer.execute(DefaultServer.java:670)
	at io.ebeaninternal.server.core.DefaultServer.execute(DefaultServer.java:663)
	at io.ebean.Ebean.execute(Ebean.java:1270)
	at play.db.ebean.TransactionalAction.call(TransactionalAction.java:18)
	at play.core.j.JavaAction.$anonfun$apply$8(JavaAction.scala:138)
	at scala.concurrent.Future$.$anonfun$apply$1(Future.scala:654)
	at scala.util.Success.$anonfun$map$1(Try.scala:251)
	at scala.util.Success.map(Try.scala:209)
	at scala.concurrent.Future.$anonfun$map$1(Future.scala:288)
	at scala.concurrent.impl.Promise.liftedTree1$1(Promise.scala:29)
	at scala.concurrent.impl.Promise.$anonfun$transform$1(Promise.scala:29)
	at scala.concurrent.impl.CallbackRunnable.run(Promise.scala:60)
	at play.core.j.HttpExecutionContext$$anon$2.run(HttpExecutionContext.scala:56)
	at play.api.libs.streams.Execution$trampoline$.execute(Execution.scala:70)
	at play.core.j.HttpExecutionContext.execute(HttpExecutionContext.scala:48)
	at scala.concurrent.impl.CallbackRunnable.executeWithValue(Promise.scala:68)
	at scala.concurrent.impl.Promise$KeptPromise$Kept.onComplete(Promise.scala:368)
	at scala.concurrent.impl.Promise$KeptPromise$Kept.onComplete$(Promise.scala:367)
	at scala.concurrent.impl.Promise$KeptPromise$Successful.onComplete(Promise.scala:375)
	at scala.concurrent.impl.Promise.transform(Promise.scala:29)
	at scala.concurrent.impl.Promise.transform$(Promise.scala:27)
	at scala.concurrent.impl.Promise$KeptPromise$Successful.transform(Promise.scala:375)
	at scala.concurrent.Future.map(Future.scala:288)
	at scala.concurrent.Future.map$(Future.scala:288)
	at scala.concurrent.impl.Promise$KeptPromise$Successful.map(Promise.scala:375)
	at scala.concurrent.Future$.apply(Future.scala:654)
	at play.core.j.JavaAction.apply(JavaAction.scala:138)
	at play.api.mvc.Action.$anonfun$apply$2(Action.scala:96)
	at play.api.libs.streams.StrictAccumulator.$anonfun$mapFuture$4(Accumulator.scala:174)
	at scala.util.Try$.apply(Try.scala:209)
	at play.api.libs.streams.StrictAccumulator.$anonfun$mapFuture$3(Accumulator.scala:174)
	at scala.Function1.$anonfun$andThen$1(Function1.scala:52)
	at scala.Function1.$anonfun$andThen$1(Function1.scala:52)
	at play.api.libs.streams.StrictAccumulator.run(Accumulator.scala:207)
	at play.core.server.AkkaHttpServer.$anonfun$runAction$4(AkkaHttpServer.scala:337)
	at akka.http.scaladsl.util.FastFuture$.strictTransform$1(FastFuture.scala:41)
	at akka.http.scaladsl.util.FastFuture$.$anonfun$transformWith$3(FastFuture.scala:51)
	... 12 common frames omitted
2019-03-26 17:08:12,997 [INFO] from application in application-akka.actor.default-dispatcher-11 - Shutting down connection pool.
2019-03-26 17:08:13,198 [INFO] from application in play-dev-mode-akka.actor.default-dispatcher-73 - Creating Pool for datasource 'default'
2019-03-26 17:08:13,222 [INFO] from play.api.db.DefaultDBApi in play-dev-mode-akka.actor.default-dispatcher-73 - Database [default] connected at jdbc:h2:file:./data/productsDB
2019-03-26 17:08:13,437 [ERROR] from application in play-dev-mode-akka.actor.default-dispatcher-73 - 

! @7bb6omjpg - Internal server error, for (GET) [/listProducts] ->
 
play.api.db.evolutions.InvalidDatabaseRevision: Database 'default' needs evolution![An SQL script need to be run on your database.]
	at play.api.db.evolutions.ApplicationEvolutions.$anonfun$runEvolutions$1(ApplicationEvolutions.scala:78)
	at play.api.db.evolutions.ApplicationEvolutions.withLock(ApplicationEvolutions.scala:100)
	at play.api.db.evolutions.ApplicationEvolutions.runEvolutions(ApplicationEvolutions.scala:49)
	at play.api.db.evolutions.ApplicationEvolutions.$anonfun$start$1(ApplicationEvolutions.scala:42)
	at play.api.db.evolutions.ApplicationEvolutions.$anonfun$start$1$adapted(ApplicationEvolutions.scala:42)
	at scala.collection.immutable.List.foreach(List.scala:389)
	at play.api.db.evolutions.ApplicationEvolutions.start(ApplicationEvolutions.scala:42)
	at play.api.db.evolutions.ApplicationEvolutions.<init>(ApplicationEvolutions.scala:151)
	at play.api.db.evolutions.ApplicationEvolutionsProvider.get$lzycompute(EvolutionsModule.scala:50)
	at play.api.db.evolutions.ApplicationEvolutionsProvider.get(EvolutionsModule.scala:49)
	at play.api.db.evolutions.ApplicationEvolutionsProvider.get(EvolutionsModule.scala:40)
	at com.google.inject.internal.ProviderInternalFactory.provision(ProviderInternalFactory.java:81)
	at com.google.inject.internal.BoundProviderFactory.provision(BoundProviderFactory.java:72)
	at com.google.inject.internal.ProviderInternalFactory.circularGet(ProviderInternalFactory.java:61)
	at com.google.inject.internal.BoundProviderFactory.get(BoundProviderFactory.java:62)
	at com.google.inject.internal.ProviderToInternalFactoryAdapter$1.call(ProviderToInternalFactoryAdapter.java:46)
	at com.google.inject.internal.InjectorImpl.callInContext(InjectorImpl.java:1092)
	at com.google.inject.internal.ProviderToInternalFactoryAdapter.get(ProviderToInternalFactoryAdapter.java:40)
	at com.google.inject.internal.SingletonScope$1.get(SingletonScope.java:194)
	at com.google.inject.internal.InternalFactoryToProviderAdapter.get(InternalFactoryToProviderAdapter.java:41)
	at com.google.inject.internal.InternalInjectorCreator$1.call(InternalInjectorCreator.java:205)
	at com.google.inject.internal.InternalInjectorCreator$1.call(InternalInjectorCreator.java:199)
	at com.google.inject.internal.InjectorImpl.callInContext(InjectorImpl.java:1085)
	at com.google.inject.internal.InternalInjectorCreator.loadEagerSingletons(InternalInjectorCreator.java:199)
	at com.google.inject.internal.InternalInjectorCreator.injectDynamically(InternalInjectorCreator.java:180)
	at com.google.inject.internal.InternalInjectorCreator.build(InternalInjectorCreator.java:110)
	at com.google.inject.Guice.createInjector(Guice.java:99)
	at com.google.inject.Guice.createInjector(Guice.java:84)
	at play.api.inject.guice.GuiceBuilder.injector(GuiceInjectorBuilder.scala:185)
	at play.api.inject.guice.GuiceApplicationBuilder.build(GuiceApplicationBuilder.scala:137)
	at play.api.inject.guice.GuiceApplicationLoader.load(GuiceApplicationLoader.scala:21)
	at play.core.server.DevServerStart$$anon$1.$anonfun$reload$3(DevServerStart.scala:174)
	at play.utils.Threads$.withContextClassLoader(Threads.scala:21)
	at play.core.server.DevServerStart$$anon$1.reload(DevServerStart.scala:171)
	at play.core.server.DevServerStart$$anon$1.get(DevServerStart.scala:124)
	at play.core.server.AkkaHttpServer.handleRequest(AkkaHttpServer.scala:202)
	at play.core.server.AkkaHttpServer.$anonfun$createServerBinding$1(AkkaHttpServer.scala:117)
	at akka.stream.impl.fusing.MapAsync$$anon$25.onPush(Ops.scala:1194)
	at akka.stream.impl.fusing.GraphInterpreter.processPush(GraphInterpreter.scala:519)
	at akka.stream.impl.fusing.GraphInterpreter.processEvent(GraphInterpreter.scala:482)
	at akka.stream.impl.fusing.GraphInterpreter.execute(GraphInterpreter.scala:378)
	at akka.stream.impl.fusing.GraphInterpreterShell.runBatch(ActorGraphInterpreter.scala:585)
	at akka.stream.impl.fusing.GraphInterpreterShell$AsyncInput.execute(ActorGraphInterpreter.scala:469)
	at akka.stream.impl.fusing.GraphInterpreterShell.processEvent(ActorGraphInterpreter.scala:560)
	at akka.stream.impl.fusing.ActorGraphInterpreter.akka$stream$impl$fusing$ActorGraphInterpreter$$processEvent(ActorGraphInterpreter.scala:742)
	at akka.stream.impl.fusing.ActorGraphInterpreter$$anonfun$receive$1.applyOrElse(ActorGraphInterpreter.scala:757)
	at akka.actor.Actor.aroundReceive(Actor.scala:517)
	at akka.actor.Actor.aroundReceive$(Actor.scala:515)
	at akka.stream.impl.fusing.ActorGraphInterpreter.aroundReceive(ActorGraphInterpreter.scala:667)
	at akka.actor.ActorCell.receiveMessage(ActorCell.scala:590)
	at akka.actor.ActorCell.invoke(ActorCell.scala:559)
	at akka.dispatch.Mailbox.processMailbox(Mailbox.scala:257)
	at akka.dispatch.Mailbox.run(Mailbox.scala:224)
	at akka.dispatch.Mailbox.exec(Mailbox.scala:234)
	at akka.dispatch.forkjoin.ForkJoinTask.doExec(ForkJoinTask.java:260)
	at akka.dispatch.forkjoin.ForkJoinPool$WorkQueue.runTask(ForkJoinPool.java:1339)
	at akka.dispatch.forkjoin.ForkJoinPool.runWorker(ForkJoinPool.java:1979)
	at akka.dispatch.forkjoin.ForkJoinWorkerThread.run(ForkJoinWorkerThread.java:107)
2019-03-26 17:08:17,902 [INFO] from application in play-dev-mode-akka.actor.default-dispatcher-77 - Shutting down connection pool.
2019-03-26 17:08:18,090 [INFO] from application in play-dev-mode-akka.actor.default-dispatcher-77 - Creating Pool for datasource 'default'
2019-03-26 17:08:18,101 [INFO] from play.api.db.DefaultDBApi in play-dev-mode-akka.actor.default-dispatcher-77 - Database [default] connected at jdbc:h2:file:./data/productsDB
2019-03-26 17:08:18,180 [ERROR] from application in play-dev-mode-akka.actor.default-dispatcher-77 - 

! @7bb6on12j - Internal server error, for (GET) [/] ->
 
play.api.db.evolutions.InvalidDatabaseRevision: Database 'default' needs evolution![An SQL script need to be run on your database.]
	at play.api.db.evolutions.ApplicationEvolutions.$anonfun$runEvolutions$1(ApplicationEvolutions.scala:78)
	at play.api.db.evolutions.ApplicationEvolutions.withLock(ApplicationEvolutions.scala:100)
	at play.api.db.evolutions.ApplicationEvolutions.runEvolutions(ApplicationEvolutions.scala:49)
	at play.api.db.evolutions.ApplicationEvolutions.$anonfun$start$1(ApplicationEvolutions.scala:42)
	at play.api.db.evolutions.ApplicationEvolutions.$anonfun$start$1$adapted(ApplicationEvolutions.scala:42)
	at scala.collection.immutable.List.foreach(List.scala:389)
	at play.api.db.evolutions.ApplicationEvolutions.start(ApplicationEvolutions.scala:42)
	at play.api.db.evolutions.ApplicationEvolutions.<init>(ApplicationEvolutions.scala:151)
	at play.api.db.evolutions.ApplicationEvolutionsProvider.get$lzycompute(EvolutionsModule.scala:50)
	at play.api.db.evolutions.ApplicationEvolutionsProvider.get(EvolutionsModule.scala:49)
	at play.api.db.evolutions.ApplicationEvolutionsProvider.get(EvolutionsModule.scala:40)
	at com.google.inject.internal.ProviderInternalFactory.provision(ProviderInternalFactory.java:81)
	at com.google.inject.internal.BoundProviderFactory.provision(BoundProviderFactory.java:72)
	at com.google.inject.internal.ProviderInternalFactory.circularGet(ProviderInternalFactory.java:61)
	at com.google.inject.internal.BoundProviderFactory.get(BoundProviderFactory.java:62)
	at com.google.inject.internal.ProviderToInternalFactoryAdapter$1.call(ProviderToInternalFactoryAdapter.java:46)
	at com.google.inject.internal.InjectorImpl.callInContext(InjectorImpl.java:1092)
	at com.google.inject.internal.ProviderToInternalFactoryAdapter.get(ProviderToInternalFactoryAdapter.java:40)
	at com.google.inject.internal.SingletonScope$1.get(SingletonScope.java:194)
	at com.google.inject.internal.InternalFactoryToProviderAdapter.get(InternalFactoryToProviderAdapter.java:41)
	at com.google.inject.internal.InternalInjectorCreator$1.call(InternalInjectorCreator.java:205)
	at com.google.inject.internal.InternalInjectorCreator$1.call(InternalInjectorCreator.java:199)
	at com.google.inject.internal.InjectorImpl.callInContext(InjectorImpl.java:1085)
	at com.google.inject.internal.InternalInjectorCreator.loadEagerSingletons(InternalInjectorCreator.java:199)
	at com.google.inject.internal.InternalInjectorCreator.injectDynamically(InternalInjectorCreator.java:180)
	at com.google.inject.internal.InternalInjectorCreator.build(InternalInjectorCreator.java:110)
	at com.google.inject.Guice.createInjector(Guice.java:99)
	at com.google.inject.Guice.createInjector(Guice.java:84)
	at play.api.inject.guice.GuiceBuilder.injector(GuiceInjectorBuilder.scala:185)
	at play.api.inject.guice.GuiceApplicationBuilder.build(GuiceApplicationBuilder.scala:137)
	at play.api.inject.guice.GuiceApplicationLoader.load(GuiceApplicationLoader.scala:21)
	at play.core.server.DevServerStart$$anon$1.$anonfun$reload$3(DevServerStart.scala:174)
	at play.utils.Threads$.withContextClassLoader(Threads.scala:21)
	at play.core.server.DevServerStart$$anon$1.reload(DevServerStart.scala:171)
	at play.core.server.DevServerStart$$anon$1.get(DevServerStart.scala:124)
	at play.core.server.AkkaHttpServer.handleRequest(AkkaHttpServer.scala:202)
	at play.core.server.AkkaHttpServer.$anonfun$createServerBinding$1(AkkaHttpServer.scala:117)
	at akka.stream.impl.fusing.MapAsync$$anon$25.onPush(Ops.scala:1194)
	at akka.stream.impl.fusing.GraphInterpreter.processPush(GraphInterpreter.scala:519)
	at akka.stream.impl.fusing.GraphInterpreter.processEvent(GraphInterpreter.scala:482)
	at akka.stream.impl.fusing.GraphInterpreter.execute(GraphInterpreter.scala:378)
	at akka.stream.impl.fusing.GraphInterpreterShell.runBatch(ActorGraphInterpreter.scala:585)
	at akka.stream.impl.fusing.GraphInterpreterShell$AsyncInput.execute(ActorGraphInterpreter.scala:469)
	at akka.stream.impl.fusing.GraphInterpreterShell.processEvent(ActorGraphInterpreter.scala:560)
	at akka.stream.impl.fusing.ActorGraphInterpreter.akka$stream$impl$fusing$ActorGraphInterpreter$$processEvent(ActorGraphInterpreter.scala:742)
	at akka.stream.impl.fusing.ActorGraphInterpreter$$anonfun$receive$1.applyOrElse(ActorGraphInterpreter.scala:757)
	at akka.actor.Actor.aroundReceive(Actor.scala:517)
	at akka.actor.Actor.aroundReceive$(Actor.scala:515)
	at akka.stream.impl.fusing.ActorGraphInterpreter.aroundReceive(ActorGraphInterpreter.scala:667)
	at akka.actor.ActorCell.receiveMessage(ActorCell.scala:590)
	at akka.actor.ActorCell.invoke(ActorCell.scala:559)
	at akka.dispatch.Mailbox.processMailbox(Mailbox.scala:257)
	at akka.dispatch.Mailbox.run(Mailbox.scala:224)
	at akka.dispatch.Mailbox.exec(Mailbox.scala:234)
	at akka.dispatch.forkjoin.ForkJoinTask.doExec(ForkJoinTask.java:260)
	at akka.dispatch.forkjoin.ForkJoinPool$WorkQueue.runTask(ForkJoinPool.java:1339)
	at akka.dispatch.forkjoin.ForkJoinPool.runWorker(ForkJoinPool.java:1979)
	at akka.dispatch.forkjoin.ForkJoinWorkerThread.run(ForkJoinWorkerThread.java:107)
2019-03-26 17:08:24,985 [INFO] from application in play-dev-mode-akka.actor.default-dispatcher-77 - Shutting down connection pool.
2019-03-26 17:08:25,212 [INFO] from application in play-dev-mode-akka.actor.default-dispatcher-77 - Creating Pool for datasource 'default'
2019-03-26 17:08:25,254 [INFO] from play.api.db.DefaultDBApi in play-dev-mode-akka.actor.default-dispatcher-77 - Database [default] connected at jdbc:h2:file:./data/productsDB
2019-03-26 17:08:25,528 [WARN] from org.hibernate.validator.messageinterpolation.ParameterMessageInterpolator in play-dev-mode-akka.actor.default-dispatcher-77 - HV000184: ParameterMessageInterpolator has been chosen, EL interpolation will not be supported
2019-03-26 17:08:25,598 [INFO] from play.api.Play in play-dev-mode-akka.actor.default-dispatcher-77 - Application started (Dev)
2019-03-26 17:22:39,086 [INFO] from application in application-akka.actor.default-dispatcher-11 - Shutting down connection pool.
2019-03-26 17:22:39,234 [INFO] from application in play-dev-mode-akka.actor.default-dispatcher-109 - Creating Pool for datasource 'default'
2019-03-26 17:22:39,249 [INFO] from play.api.db.DefaultDBApi in play-dev-mode-akka.actor.default-dispatcher-109 - Database [default] connected at jdbc:h2:file:./data/productsDB
2019-03-26 17:22:39,402 [ERROR] from application in play-dev-mode-akka.actor.default-dispatcher-109 - 

! @7bb70k106 - Internal server error, for (GET) [/listProducts] ->
 
play.api.db.evolutions.InvalidDatabaseRevision: Database 'default' needs evolution![An SQL script need to be run on your database.]
	at play.api.db.evolutions.ApplicationEvolutions.$anonfun$runEvolutions$1(ApplicationEvolutions.scala:78)
	at play.api.db.evolutions.ApplicationEvolutions.withLock(ApplicationEvolutions.scala:100)
	at play.api.db.evolutions.ApplicationEvolutions.runEvolutions(ApplicationEvolutions.scala:49)
	at play.api.db.evolutions.ApplicationEvolutions.$anonfun$start$1(ApplicationEvolutions.scala:42)
	at play.api.db.evolutions.ApplicationEvolutions.$anonfun$start$1$adapted(ApplicationEvolutions.scala:42)
	at scala.collection.immutable.List.foreach(List.scala:389)
	at play.api.db.evolutions.ApplicationEvolutions.start(ApplicationEvolutions.scala:42)
	at play.api.db.evolutions.ApplicationEvolutions.<init>(ApplicationEvolutions.scala:151)
	at play.api.db.evolutions.ApplicationEvolutionsProvider.get$lzycompute(EvolutionsModule.scala:50)
	at play.api.db.evolutions.ApplicationEvolutionsProvider.get(EvolutionsModule.scala:49)
	at play.api.db.evolutions.ApplicationEvolutionsProvider.get(EvolutionsModule.scala:40)
	at com.google.inject.internal.ProviderInternalFactory.provision(ProviderInternalFactory.java:81)
	at com.google.inject.internal.BoundProviderFactory.provision(BoundProviderFactory.java:72)
	at com.google.inject.internal.ProviderInternalFactory.circularGet(ProviderInternalFactory.java:61)
	at com.google.inject.internal.BoundProviderFactory.get(BoundProviderFactory.java:62)
	at com.google.inject.internal.ProviderToInternalFactoryAdapter$1.call(ProviderToInternalFactoryAdapter.java:46)
	at com.google.inject.internal.InjectorImpl.callInContext(InjectorImpl.java:1092)
	at com.google.inject.internal.ProviderToInternalFactoryAdapter.get(ProviderToInternalFactoryAdapter.java:40)
	at com.google.inject.internal.SingletonScope$1.get(SingletonScope.java:194)
	at com.google.inject.internal.InternalFactoryToProviderAdapter.get(InternalFactoryToProviderAdapter.java:41)
	at com.google.inject.internal.InternalInjectorCreator$1.call(InternalInjectorCreator.java:205)
	at com.google.inject.internal.InternalInjectorCreator$1.call(InternalInjectorCreator.java:199)
	at com.google.inject.internal.InjectorImpl.callInContext(InjectorImpl.java:1085)
	at com.google.inject.internal.InternalInjectorCreator.loadEagerSingletons(InternalInjectorCreator.java:199)
	at com.google.inject.internal.InternalInjectorCreator.injectDynamically(InternalInjectorCreator.java:180)
	at com.google.inject.internal.InternalInjectorCreator.build(InternalInjectorCreator.java:110)
	at com.google.inject.Guice.createInjector(Guice.java:99)
	at com.google.inject.Guice.createInjector(Guice.java:84)
	at play.api.inject.guice.GuiceBuilder.injector(GuiceInjectorBuilder.scala:185)
	at play.api.inject.guice.GuiceApplicationBuilder.build(GuiceApplicationBuilder.scala:137)
	at play.api.inject.guice.GuiceApplicationLoader.load(GuiceApplicationLoader.scala:21)
	at play.core.server.DevServerStart$$anon$1.$anonfun$reload$3(DevServerStart.scala:174)
	at play.utils.Threads$.withContextClassLoader(Threads.scala:21)
	at play.core.server.DevServerStart$$anon$1.reload(DevServerStart.scala:171)
	at play.core.server.DevServerStart$$anon$1.get(DevServerStart.scala:124)
	at play.core.server.AkkaHttpServer.handleRequest(AkkaHttpServer.scala:202)
	at play.core.server.AkkaHttpServer.$anonfun$createServerBinding$1(AkkaHttpServer.scala:117)
	at akka.stream.impl.fusing.MapAsync$$anon$25.onPush(Ops.scala:1194)
	at akka.stream.impl.fusing.GraphInterpreter.processPush(GraphInterpreter.scala:519)
	at akka.stream.impl.fusing.GraphInterpreter.processEvent(GraphInterpreter.scala:482)
	at akka.stream.impl.fusing.GraphInterpreter.execute(GraphInterpreter.scala:378)
	at akka.stream.impl.fusing.GraphInterpreterShell.runBatch(ActorGraphInterpreter.scala:585)
	at akka.stream.impl.fusing.GraphInterpreterShell$AsyncInput.execute(ActorGraphInterpreter.scala:469)
	at akka.stream.impl.fusing.GraphInterpreterShell.processEvent(ActorGraphInterpreter.scala:560)
	at akka.stream.impl.fusing.ActorGraphInterpreter.akka$stream$impl$fusing$ActorGraphInterpreter$$processEvent(ActorGraphInterpreter.scala:742)
	at akka.stream.impl.fusing.ActorGraphInterpreter$$anonfun$receive$1.applyOrElse(ActorGraphInterpreter.scala:757)
	at akka.actor.Actor.aroundReceive(Actor.scala:517)
	at akka.actor.Actor.aroundReceive$(Actor.scala:515)
	at akka.stream.impl.fusing.ActorGraphInterpreter.aroundReceive(ActorGraphInterpreter.scala:667)
	at akka.actor.ActorCell.receiveMessage(ActorCell.scala:590)
	at akka.actor.ActorCell.invoke(ActorCell.scala:559)
	at akka.dispatch.Mailbox.processMailbox(Mailbox.scala:257)
	at akka.dispatch.Mailbox.run(Mailbox.scala:224)
	at akka.dispatch.Mailbox.exec(Mailbox.scala:234)
	at akka.dispatch.forkjoin.ForkJoinTask.doExec(ForkJoinTask.java:260)
	at akka.dispatch.forkjoin.ForkJoinPool$WorkQueue.runTask(ForkJoinPool.java:1339)
	at akka.dispatch.forkjoin.ForkJoinPool.runWorker(ForkJoinPool.java:1979)
	at akka.dispatch.forkjoin.ForkJoinWorkerThread.run(ForkJoinWorkerThread.java:107)
2019-03-26 17:22:44,143 [INFO] from application in play-dev-mode-akka.actor.default-dispatcher-110 - Shutting down connection pool.
2019-03-26 17:22:44,494 [INFO] from application in play-dev-mode-akka.actor.default-dispatcher-110 - Creating Pool for datasource 'default'
2019-03-26 17:22:44,503 [INFO] from play.api.db.DefaultDBApi in play-dev-mode-akka.actor.default-dispatcher-110 - Database [default] connected at jdbc:h2:file:./data/productsDB
2019-03-26 17:22:44,592 [ERROR] from application in play-dev-mode-akka.actor.default-dispatcher-110 - 

! @7bb70k8k4 - Internal server error, for (GET) [/] ->
 
play.api.db.evolutions.InvalidDatabaseRevision: Database 'default' needs evolution![An SQL script need to be run on your database.]
	at play.api.db.evolutions.ApplicationEvolutions.$anonfun$runEvolutions$1(ApplicationEvolutions.scala:78)
	at play.api.db.evolutions.ApplicationEvolutions.withLock(ApplicationEvolutions.scala:100)
	at play.api.db.evolutions.ApplicationEvolutions.runEvolutions(ApplicationEvolutions.scala:49)
	at play.api.db.evolutions.ApplicationEvolutions.$anonfun$start$1(ApplicationEvolutions.scala:42)
	at play.api.db.evolutions.ApplicationEvolutions.$anonfun$start$1$adapted(ApplicationEvolutions.scala:42)
	at scala.collection.immutable.List.foreach(List.scala:389)
	at play.api.db.evolutions.ApplicationEvolutions.start(ApplicationEvolutions.scala:42)
	at play.api.db.evolutions.ApplicationEvolutions.<init>(ApplicationEvolutions.scala:151)
	at play.api.db.evolutions.ApplicationEvolutionsProvider.get$lzycompute(EvolutionsModule.scala:50)
	at play.api.db.evolutions.ApplicationEvolutionsProvider.get(EvolutionsModule.scala:49)
	at play.api.db.evolutions.ApplicationEvolutionsProvider.get(EvolutionsModule.scala:40)
	at com.google.inject.internal.ProviderInternalFactory.provision(ProviderInternalFactory.java:81)
	at com.google.inject.internal.BoundProviderFactory.provision(BoundProviderFactory.java:72)
	at com.google.inject.internal.ProviderInternalFactory.circularGet(ProviderInternalFactory.java:61)
	at com.google.inject.internal.BoundProviderFactory.get(BoundProviderFactory.java:62)
	at com.google.inject.internal.ProviderToInternalFactoryAdapter$1.call(ProviderToInternalFactoryAdapter.java:46)
	at com.google.inject.internal.InjectorImpl.callInContext(InjectorImpl.java:1092)
	at com.google.inject.internal.ProviderToInternalFactoryAdapter.get(ProviderToInternalFactoryAdapter.java:40)
	at com.google.inject.internal.SingletonScope$1.get(SingletonScope.java:194)
	at com.google.inject.internal.InternalFactoryToProviderAdapter.get(InternalFactoryToProviderAdapter.java:41)
	at com.google.inject.internal.InternalInjectorCreator$1.call(InternalInjectorCreator.java:205)
	at com.google.inject.internal.InternalInjectorCreator$1.call(InternalInjectorCreator.java:199)
	at com.google.inject.internal.InjectorImpl.callInContext(InjectorImpl.java:1085)
	at com.google.inject.internal.InternalInjectorCreator.loadEagerSingletons(InternalInjectorCreator.java:199)
	at com.google.inject.internal.InternalInjectorCreator.injectDynamically(InternalInjectorCreator.java:180)
	at com.google.inject.internal.InternalInjectorCreator.build(InternalInjectorCreator.java:110)
	at com.google.inject.Guice.createInjector(Guice.java:99)
	at com.google.inject.Guice.createInjector(Guice.java:84)
	at play.api.inject.guice.GuiceBuilder.injector(GuiceInjectorBuilder.scala:185)
	at play.api.inject.guice.GuiceApplicationBuilder.build(GuiceApplicationBuilder.scala:137)
	at play.api.inject.guice.GuiceApplicationLoader.load(GuiceApplicationLoader.scala:21)
	at play.core.server.DevServerStart$$anon$1.$anonfun$reload$3(DevServerStart.scala:174)
	at play.utils.Threads$.withContextClassLoader(Threads.scala:21)
	at play.core.server.DevServerStart$$anon$1.reload(DevServerStart.scala:171)
	at play.core.server.DevServerStart$$anon$1.get(DevServerStart.scala:124)
	at play.core.server.AkkaHttpServer.handleRequest(AkkaHttpServer.scala:202)
	at play.core.server.AkkaHttpServer.$anonfun$createServerBinding$1(AkkaHttpServer.scala:117)
	at akka.stream.impl.fusing.MapAsync$$anon$25.onPush(Ops.scala:1194)
	at akka.stream.impl.fusing.GraphInterpreter.processPush(GraphInterpreter.scala:519)
	at akka.stream.impl.fusing.GraphInterpreter.processEvent(GraphInterpreter.scala:482)
	at akka.stream.impl.fusing.GraphInterpreter.execute(GraphInterpreter.scala:378)
	at akka.stream.impl.fusing.GraphInterpreterShell.runBatch(ActorGraphInterpreter.scala:585)
	at akka.stream.impl.fusing.GraphInterpreterShell$AsyncInput.execute(ActorGraphInterpreter.scala:469)
	at akka.stream.impl.fusing.GraphInterpreterShell.processEvent(ActorGraphInterpreter.scala:560)
	at akka.stream.impl.fusing.ActorGraphInterpreter.akka$stream$impl$fusing$ActorGraphInterpreter$$processEvent(ActorGraphInterpreter.scala:742)
	at akka.stream.impl.fusing.ActorGraphInterpreter$$anonfun$receive$1.applyOrElse(ActorGraphInterpreter.scala:757)
	at akka.actor.Actor.aroundReceive(Actor.scala:517)
	at akka.actor.Actor.aroundReceive$(Actor.scala:515)
	at akka.stream.impl.fusing.ActorGraphInterpreter.aroundReceive(ActorGraphInterpreter.scala:667)
	at akka.actor.ActorCell.receiveMessage(ActorCell.scala:590)
	at akka.actor.ActorCell.invoke(ActorCell.scala:559)
	at akka.dispatch.Mailbox.processMailbox(Mailbox.scala:257)
	at akka.dispatch.Mailbox.run(Mailbox.scala:224)
	at akka.dispatch.Mailbox.exec(Mailbox.scala:234)
	at akka.dispatch.forkjoin.ForkJoinTask.doExec(ForkJoinTask.java:260)
	at akka.dispatch.forkjoin.ForkJoinPool$WorkQueue.runTask(ForkJoinPool.java:1339)
	at akka.dispatch.forkjoin.ForkJoinPool.runWorker(ForkJoinPool.java:1979)
	at akka.dispatch.forkjoin.ForkJoinWorkerThread.run(ForkJoinWorkerThread.java:107)
2019-03-26 17:22:46,006 [ERROR] from play.api.db.evolutions.DefaultEvolutionsApi in play-dev-mode-akka.actor.default-dispatcher-110 - Column "Bass for Beginners" not found; SQL statement:
insert into product (id,name,description,stock,price) values ( 9,'Fender Bass',"Bass for Beginners",5,299.00 ) [42122-197] [ERROR:42122, SQLSTATE:42S22]
2019-03-26 17:22:46,007 [ERROR] from application in play-dev-mode-akka.actor.default-dispatcher-110 - 

! @7bb70kamk - Internal server error, for (GET) [/@evolutions/apply/default?redirect=http%3A%2F%2Flocalhost%3A9000%2F] ->
 
play.api.db.evolutions.InconsistentDatabase: Database 'default' is in an inconsistent state![An evolution has not been applied properly. Please check the problem and resolve it manually before marking it as resolved.]
	at play.api.db.evolutions.DatabaseEvolutions.$anonfun$checkEvolutionsState$3(EvolutionsApi.scala:288)
	at play.api.db.evolutions.DatabaseEvolutions.$anonfun$checkEvolutionsState$3$adapted(EvolutionsApi.scala:273)
	at play.api.db.evolutions.DatabaseEvolutions.executeQuery(EvolutionsApi.scala:320)
	at play.api.db.evolutions.DatabaseEvolutions.checkEvolutionsState(EvolutionsApi.scala:273)
	at play.api.db.evolutions.DatabaseEvolutions.evolve(EvolutionsApi.scala:242)
	at play.api.db.evolutions.DefaultEvolutionsApi.evolve(EvolutionsApi.scala:97)
	at play.api.db.evolutions.EvolutionsWebCommands.handleWebCommand(ApplicationEvolutions.scala:366)
	at play.core.DefaultWebCommands.$anonfun$handleWebCommand$1(WebCommands.scala:40)
	at scala.collection.immutable.Stream.flatMap(Stream.scala:486)
	at play.core.DefaultWebCommands.handleWebCommand(WebCommands.scala:40)
	at play.core.server.DevServerStart$$anon$1.$anonfun$handleWebCommand$1(DevServerStart.scala:134)
	at scala.Option.flatMap(Option.scala:171)
	at play.core.server.DevServerStart$$anon$1.handleWebCommand(DevServerStart.scala:134)
	at play.core.server.AkkaHttpServer$$anon$4.handleWebCommand(AkkaHttpServer.scala:243)
	at play.core.server.Server$.getHandlerFor(Server.scala:115)
	at play.core.server.AkkaHttpServer.getHandler(AkkaHttpServer.scala:246)
	at play.core.server.AkkaHttpServer.handleRequest(AkkaHttpServer.scala:217)
	at play.core.server.AkkaHttpServer.$anonfun$createServerBinding$1(AkkaHttpServer.scala:117)
	at akka.stream.impl.fusing.MapAsync$$anon$25.onPush(Ops.scala:1194)
	at akka.stream.impl.fusing.GraphInterpreter.processPush(GraphInterpreter.scala:519)
	at akka.stream.impl.fusing.GraphInterpreter.processEvent(GraphInterpreter.scala:482)
	at akka.stream.impl.fusing.GraphInterpreter.execute(GraphInterpreter.scala:378)
	at akka.stream.impl.fusing.GraphInterpreterShell.runBatch(ActorGraphInterpreter.scala:585)
	at akka.stream.impl.fusing.GraphInterpreterShell$AsyncInput.execute(ActorGraphInterpreter.scala:469)
	at akka.stream.impl.fusing.GraphInterpreterShell.processEvent(ActorGraphInterpreter.scala:560)
	at akka.stream.impl.fusing.ActorGraphInterpreter.akka$stream$impl$fusing$ActorGraphInterpreter$$processEvent(ActorGraphInterpreter.scala:742)
	at akka.stream.impl.fusing.ActorGraphInterpreter$$anonfun$receive$1.applyOrElse(ActorGraphInterpreter.scala:757)
	at akka.actor.Actor.aroundReceive(Actor.scala:517)
	at akka.actor.Actor.aroundReceive$(Actor.scala:515)
	at akka.stream.impl.fusing.ActorGraphInterpreter.aroundReceive(ActorGraphInterpreter.scala:667)
	at akka.actor.ActorCell.receiveMessage(ActorCell.scala:590)
	at akka.actor.ActorCell.invoke(ActorCell.scala:559)
	at akka.dispatch.Mailbox.processMailbox(Mailbox.scala:257)
	at akka.dispatch.Mailbox.run(Mailbox.scala:224)
	at akka.dispatch.Mailbox.exec(Mailbox.scala:234)
	at akka.dispatch.forkjoin.ForkJoinTask.doExec(ForkJoinTask.java:260)
	at akka.dispatch.forkjoin.ForkJoinPool$WorkQueue.runTask(ForkJoinPool.java:1339)
	at akka.dispatch.forkjoin.ForkJoinPool.runWorker(ForkJoinPool.java:1979)
	at akka.dispatch.forkjoin.ForkJoinWorkerThread.run(ForkJoinWorkerThread.java:107)
2019-03-26 17:23:01,218 [INFO] from application in play-dev-mode-akka.actor.default-dispatcher-110 - Shutting down connection pool.
2019-03-26 17:23:01,424 [INFO] from application in play-dev-mode-akka.actor.default-dispatcher-110 - Creating Pool for datasource 'default'
2019-03-26 17:23:01,456 [INFO] from play.api.db.DefaultDBApi in play-dev-mode-akka.actor.default-dispatcher-110 - Database [default] connected at jdbc:h2:file:./data/productsDB
2019-03-26 17:23:01,692 [WARN] from org.hibernate.validator.messageinterpolation.ParameterMessageInterpolator in play-dev-mode-akka.actor.default-dispatcher-110 - HV000184: ParameterMessageInterpolator has been chosen, EL interpolation will not be supported
2019-03-26 17:23:01,790 [INFO] from play.api.Play in play-dev-mode-akka.actor.default-dispatcher-110 - Application started (Dev)
2019-03-26 17:23:06,755 [INFO] from application in application-akka.actor.default-dispatcher-6 - Shutting down connection pool.
2019-03-26 17:23:06,980 [INFO] from application in play-dev-mode-akka.actor.default-dispatcher-107 - Creating Pool for datasource 'default'
2019-03-26 17:23:06,993 [INFO] from play.api.db.DefaultDBApi in play-dev-mode-akka.actor.default-dispatcher-107 - Database [default] connected at jdbc:h2:file:./data/productsDB
2019-03-26 17:23:07,386 [WARN] from org.hibernate.validator.messageinterpolation.ParameterMessageInterpolator in play-dev-mode-akka.actor.default-dispatcher-107 - HV000184: ParameterMessageInterpolator has been chosen, EL interpolation will not be supported
2019-03-26 17:23:07,522 [INFO] from play.api.Play in play-dev-mode-akka.actor.default-dispatcher-107 - Application started (Dev)
2019-03-26 17:25:27,470 [INFO] from application in application-akka.actor.default-dispatcher-8 - Shutting down connection pool.
2019-03-26 17:25:27,681 [INFO] from application in play-dev-mode-akka.actor.default-dispatcher-112 - Creating Pool for datasource 'default'
2019-03-26 17:25:27,723 [INFO] from play.api.db.DefaultDBApi in play-dev-mode-akka.actor.default-dispatcher-112 - Database [default] connected at jdbc:h2:file:./data/productsDB
2019-03-26 17:25:27,882 [ERROR] from application in play-dev-mode-akka.actor.default-dispatcher-112 - 

! @7bb713g78 - Internal server error, for (GET) [/] ->
 
play.api.db.evolutions.InvalidDatabaseRevision: Database 'default' needs evolution![An SQL script need to be run on your database.]
	at play.api.db.evolutions.ApplicationEvolutions.$anonfun$runEvolutions$1(ApplicationEvolutions.scala:78)
	at play.api.db.evolutions.ApplicationEvolutions.withLock(ApplicationEvolutions.scala:100)
	at play.api.db.evolutions.ApplicationEvolutions.runEvolutions(ApplicationEvolutions.scala:49)
	at play.api.db.evolutions.ApplicationEvolutions.$anonfun$start$1(ApplicationEvolutions.scala:42)
	at play.api.db.evolutions.ApplicationEvolutions.$anonfun$start$1$adapted(ApplicationEvolutions.scala:42)
	at scala.collection.immutable.List.foreach(List.scala:389)
	at play.api.db.evolutions.ApplicationEvolutions.start(ApplicationEvolutions.scala:42)
	at play.api.db.evolutions.ApplicationEvolutions.<init>(ApplicationEvolutions.scala:151)
	at play.api.db.evolutions.ApplicationEvolutionsProvider.get$lzycompute(EvolutionsModule.scala:50)
	at play.api.db.evolutions.ApplicationEvolutionsProvider.get(EvolutionsModule.scala:49)
	at play.api.db.evolutions.ApplicationEvolutionsProvider.get(EvolutionsModule.scala:40)
	at com.google.inject.internal.ProviderInternalFactory.provision(ProviderInternalFactory.java:81)
	at com.google.inject.internal.BoundProviderFactory.provision(BoundProviderFactory.java:72)
	at com.google.inject.internal.ProviderInternalFactory.circularGet(ProviderInternalFactory.java:61)
	at com.google.inject.internal.BoundProviderFactory.get(BoundProviderFactory.java:62)
	at com.google.inject.internal.ProviderToInternalFactoryAdapter$1.call(ProviderToInternalFactoryAdapter.java:46)
	at com.google.inject.internal.InjectorImpl.callInContext(InjectorImpl.java:1092)
	at com.google.inject.internal.ProviderToInternalFactoryAdapter.get(ProviderToInternalFactoryAdapter.java:40)
	at com.google.inject.internal.SingletonScope$1.get(SingletonScope.java:194)
	at com.google.inject.internal.InternalFactoryToProviderAdapter.get(InternalFactoryToProviderAdapter.java:41)
	at com.google.inject.internal.InternalInjectorCreator$1.call(InternalInjectorCreator.java:205)
	at com.google.inject.internal.InternalInjectorCreator$1.call(InternalInjectorCreator.java:199)
	at com.google.inject.internal.InjectorImpl.callInContext(InjectorImpl.java:1085)
	at com.google.inject.internal.InternalInjectorCreator.loadEagerSingletons(InternalInjectorCreator.java:199)
	at com.google.inject.internal.InternalInjectorCreator.injectDynamically(InternalInjectorCreator.java:180)
	at com.google.inject.internal.InternalInjectorCreator.build(InternalInjectorCreator.java:110)
	at com.google.inject.Guice.createInjector(Guice.java:99)
	at com.google.inject.Guice.createInjector(Guice.java:84)
	at play.api.inject.guice.GuiceBuilder.injector(GuiceInjectorBuilder.scala:185)
	at play.api.inject.guice.GuiceApplicationBuilder.build(GuiceApplicationBuilder.scala:137)
	at play.api.inject.guice.GuiceApplicationLoader.load(GuiceApplicationLoader.scala:21)
	at play.core.server.DevServerStart$$anon$1.$anonfun$reload$3(DevServerStart.scala:174)
	at play.utils.Threads$.withContextClassLoader(Threads.scala:21)
	at play.core.server.DevServerStart$$anon$1.reload(DevServerStart.scala:171)
	at play.core.server.DevServerStart$$anon$1.get(DevServerStart.scala:124)
	at play.core.server.AkkaHttpServer.handleRequest(AkkaHttpServer.scala:202)
	at play.core.server.AkkaHttpServer.$anonfun$createServerBinding$1(AkkaHttpServer.scala:117)
	at akka.stream.impl.fusing.MapAsync$$anon$25.onPush(Ops.scala:1194)
	at akka.stream.impl.fusing.GraphInterpreter.processPush(GraphInterpreter.scala:519)
	at akka.stream.impl.fusing.GraphInterpreter.processEvent(GraphInterpreter.scala:482)
	at akka.stream.impl.fusing.GraphInterpreter.execute(GraphInterpreter.scala:378)
	at akka.stream.impl.fusing.GraphInterpreterShell.runBatch(ActorGraphInterpreter.scala:585)
	at akka.stream.impl.fusing.GraphInterpreterShell$AsyncInput.execute(ActorGraphInterpreter.scala:469)
	at akka.stream.impl.fusing.GraphInterpreterShell.processEvent(ActorGraphInterpreter.scala:560)
	at akka.stream.impl.fusing.ActorGraphInterpreter.akka$stream$impl$fusing$ActorGraphInterpreter$$processEvent(ActorGraphInterpreter.scala:742)
	at akka.stream.impl.fusing.ActorGraphInterpreter$$anonfun$receive$1.applyOrElse(ActorGraphInterpreter.scala:757)
	at akka.actor.Actor.aroundReceive(Actor.scala:517)
	at akka.actor.Actor.aroundReceive$(Actor.scala:515)
	at akka.stream.impl.fusing.ActorGraphInterpreter.aroundReceive(ActorGraphInterpreter.scala:667)
	at akka.actor.ActorCell.receiveMessage(ActorCell.scala:590)
	at akka.actor.ActorCell.invoke(ActorCell.scala:559)
	at akka.dispatch.Mailbox.processMailbox(Mailbox.scala:257)
	at akka.dispatch.Mailbox.run(Mailbox.scala:224)
	at akka.dispatch.Mailbox.exec(Mailbox.scala:234)
	at akka.dispatch.forkjoin.ForkJoinTask.doExec(ForkJoinTask.java:260)
	at akka.dispatch.forkjoin.ForkJoinPool$WorkQueue.runTask(ForkJoinPool.java:1339)
	at akka.dispatch.forkjoin.ForkJoinPool.runWorker(ForkJoinPool.java:1979)
	at akka.dispatch.forkjoin.ForkJoinWorkerThread.run(ForkJoinWorkerThread.java:107)
2019-03-26 17:25:36,388 [INFO] from application in play-dev-mode-akka.actor.default-dispatcher-112 - Shutting down connection pool.
2019-03-26 17:25:36,535 [INFO] from application in play-dev-mode-akka.actor.default-dispatcher-112 - Creating Pool for datasource 'default'
2019-03-26 17:25:36,549 [INFO] from play.api.db.DefaultDBApi in play-dev-mode-akka.actor.default-dispatcher-112 - Database [default] connected at jdbc:h2:file:./data/productsDB
2019-03-26 17:25:36,731 [ERROR] from play.api.db.evolutions.DefaultEvolutionsApi in play-dev-mode-akka.actor.default-dispatcher-112 - Column "Bass for Beginners" not found; SQL statement:
insert into product (id,name,description,stock,price) values ( 9,'Fender Bass',"Bass for Beginners",5,299.00 ) [42122-197] [ERROR:42122, SQLSTATE:42S22]
2019-03-26 17:25:36,741 [ERROR] from application in play-dev-mode-akka.actor.default-dispatcher-112 - 

! @7bb7143bb - Internal server error, for (GET) [/@evolutions/apply/default?redirect=http%3A%2F%2Flocalhost%3A9000%2F] ->
 
play.api.db.evolutions.InconsistentDatabase: Database 'default' is in an inconsistent state![An evolution has not been applied properly. Please check the problem and resolve it manually before marking it as resolved.]
	at play.api.db.evolutions.DatabaseEvolutions.$anonfun$checkEvolutionsState$3(EvolutionsApi.scala:288)
	at play.api.db.evolutions.DatabaseEvolutions.$anonfun$checkEvolutionsState$3$adapted(EvolutionsApi.scala:273)
	at play.api.db.evolutions.DatabaseEvolutions.executeQuery(EvolutionsApi.scala:320)
	at play.api.db.evolutions.DatabaseEvolutions.checkEvolutionsState(EvolutionsApi.scala:273)
	at play.api.db.evolutions.DatabaseEvolutions.evolve(EvolutionsApi.scala:242)
	at play.api.db.evolutions.DefaultEvolutionsApi.evolve(EvolutionsApi.scala:97)
	at play.api.db.evolutions.EvolutionsWebCommands.handleWebCommand(ApplicationEvolutions.scala:366)
	at play.core.DefaultWebCommands.$anonfun$handleWebCommand$1(WebCommands.scala:40)
	at scala.collection.immutable.Stream.flatMap(Stream.scala:486)
	at play.core.DefaultWebCommands.handleWebCommand(WebCommands.scala:40)
	at play.core.server.DevServerStart$$anon$1.$anonfun$handleWebCommand$1(DevServerStart.scala:134)
	at scala.Option.flatMap(Option.scala:171)
	at play.core.server.DevServerStart$$anon$1.handleWebCommand(DevServerStart.scala:134)
	at play.core.server.AkkaHttpServer$$anon$4.handleWebCommand(AkkaHttpServer.scala:243)
	at play.core.server.Server$.getHandlerFor(Server.scala:115)
	at play.core.server.AkkaHttpServer.getHandler(AkkaHttpServer.scala:246)
	at play.core.server.AkkaHttpServer.handleRequest(AkkaHttpServer.scala:217)
	at play.core.server.AkkaHttpServer.$anonfun$createServerBinding$1(AkkaHttpServer.scala:117)
	at akka.stream.impl.fusing.MapAsync$$anon$25.onPush(Ops.scala:1194)
	at akka.stream.impl.fusing.GraphInterpreter.processPush(GraphInterpreter.scala:519)
	at akka.stream.impl.fusing.GraphInterpreter.processEvent(GraphInterpreter.scala:482)
	at akka.stream.impl.fusing.GraphInterpreter.execute(GraphInterpreter.scala:378)
	at akka.stream.impl.fusing.GraphInterpreterShell.runBatch(ActorGraphInterpreter.scala:585)
	at akka.stream.impl.fusing.GraphInterpreterShell$AsyncInput.execute(ActorGraphInterpreter.scala:469)
	at akka.stream.impl.fusing.GraphInterpreterShell.processEvent(ActorGraphInterpreter.scala:560)
	at akka.stream.impl.fusing.ActorGraphInterpreter.akka$stream$impl$fusing$ActorGraphInterpreter$$processEvent(ActorGraphInterpreter.scala:742)
	at akka.stream.impl.fusing.ActorGraphInterpreter$$anonfun$receive$1.applyOrElse(ActorGraphInterpreter.scala:757)
	at akka.actor.Actor.aroundReceive(Actor.scala:517)
	at akka.actor.Actor.aroundReceive$(Actor.scala:515)
	at akka.stream.impl.fusing.ActorGraphInterpreter.aroundReceive(ActorGraphInterpreter.scala:667)
	at akka.actor.ActorCell.receiveMessage(ActorCell.scala:590)
	at akka.actor.ActorCell.invoke(ActorCell.scala:559)
	at akka.dispatch.Mailbox.processMailbox(Mailbox.scala:257)
	at akka.dispatch.Mailbox.run(Mailbox.scala:224)
	at akka.dispatch.Mailbox.exec(Mailbox.scala:234)
	at akka.dispatch.forkjoin.ForkJoinTask.doExec(ForkJoinTask.java:260)
	at akka.dispatch.forkjoin.ForkJoinPool$WorkQueue.runTask(ForkJoinPool.java:1339)
	at akka.dispatch.forkjoin.ForkJoinPool.runWorker(ForkJoinPool.java:1979)
	at akka.dispatch.forkjoin.ForkJoinWorkerThread.run(ForkJoinWorkerThread.java:107)
2019-03-26 17:26:09,073 [INFO] from application in play-dev-mode-akka.actor.default-dispatcher-115 - Shutting down connection pool.
2019-03-26 17:26:09,289 [INFO] from application in play-dev-mode-akka.actor.default-dispatcher-115 - Creating Pool for datasource 'default'
2019-03-26 17:26:09,328 [INFO] from play.api.db.DefaultDBApi in play-dev-mode-akka.actor.default-dispatcher-115 - Database [default] connected at jdbc:h2:file:./data/productsDB
2019-03-26 17:26:09,615 [WARN] from org.hibernate.validator.messageinterpolation.ParameterMessageInterpolator in play-dev-mode-akka.actor.default-dispatcher-115 - HV000184: ParameterMessageInterpolator has been chosen, EL interpolation will not be supported
2019-03-26 17:26:09,742 [INFO] from play.api.Play in play-dev-mode-akka.actor.default-dispatcher-115 - Application started (Dev)
2019-03-26 17:26:14,280 [INFO] from application in application-akka.actor.default-dispatcher-4 - Shutting down connection pool.
2019-03-26 17:26:14,498 [INFO] from application in play-dev-mode-akka.actor.default-dispatcher-115 - Creating Pool for datasource 'default'
2019-03-26 17:26:14,509 [INFO] from play.api.db.DefaultDBApi in play-dev-mode-akka.actor.default-dispatcher-115 - Database [default] connected at jdbc:h2:file:./data/productsDB
2019-03-26 17:26:14,718 [WARN] from org.hibernate.validator.messageinterpolation.ParameterMessageInterpolator in play-dev-mode-akka.actor.default-dispatcher-115 - HV000184: ParameterMessageInterpolator has been chosen, EL interpolation will not be supported
2019-03-26 17:26:14,828 [INFO] from play.api.Play in play-dev-mode-akka.actor.default-dispatcher-115 - Application started (Dev)
2019-03-26 17:26:26,695 [ERROR] from application in application-akka.actor.default-dispatcher-5 - 

! @7bb716p8k - Internal server error, for (GET) [/showBasket] ->
 
play.api.http.HttpErrorHandlerExceptions$$anon$1: Execution exception[[NullPointerException: null]]
	at play.api.http.HttpErrorHandlerExceptions$.throwableToUsefulException(HttpErrorHandler.scala:255)
	at play.api.http.DefaultHttpErrorHandler.onServerError(HttpErrorHandler.scala:182)
	at play.core.server.AkkaHttpServer$$anonfun$2.applyOrElse(AkkaHttpServer.scala:343)
	at play.core.server.AkkaHttpServer$$anonfun$2.applyOrElse(AkkaHttpServer.scala:341)
	at scala.concurrent.Future.$anonfun$recoverWith$1(Future.scala:413)
	at scala.concurrent.impl.Promise.$anonfun$transformWith$1(Promise.scala:37)
	at scala.concurrent.impl.CallbackRunnable.run(Promise.scala:60)
	at akka.dispatch.BatchingExecutor$AbstractBatch.processBatch(BatchingExecutor.scala:55)
	at akka.dispatch.BatchingExecutor$BlockableBatch.$anonfun$run$1(BatchingExecutor.scala:91)
	at scala.runtime.java8.JFunction0$mcV$sp.apply(JFunction0$mcV$sp.java:12)
	at scala.concurrent.BlockContext$.withBlockContext(BlockContext.scala:81)
	at akka.dispatch.BatchingExecutor$BlockableBatch.run(BatchingExecutor.scala:91)
	at akka.dispatch.TaskInvocation.run(AbstractDispatcher.scala:40)
	at akka.dispatch.ForkJoinExecutorConfigurator$AkkaForkJoinTask.exec(ForkJoinExecutorConfigurator.scala:43)
	at akka.dispatch.forkjoin.ForkJoinTask.doExec(ForkJoinTask.java:260)
	at akka.dispatch.forkjoin.ForkJoinPool$WorkQueue.runTask(ForkJoinPool.java:1339)
	at akka.dispatch.forkjoin.ForkJoinPool.runWorker(ForkJoinPool.java:1979)
	at akka.dispatch.forkjoin.ForkJoinWorkerThread.run(ForkJoinWorkerThread.java:107)
Caused by: java.lang.NullPointerException: null
	at controllers.security.CheckIfCustomer.call(CheckIfCustomer.java:27)
	at play.mvc.Security$AuthenticatedAction.call(Security.java:69)
	at play.db.ebean.TransactionalAction.lambda$call$6(TransactionalAction.java:18)
	at io.ebeaninternal.server.core.DefaultServer.execute(DefaultServer.java:670)
	at io.ebeaninternal.server.core.DefaultServer.execute(DefaultServer.java:663)
	at io.ebean.Ebean.execute(Ebean.java:1270)
	at play.db.ebean.TransactionalAction.call(TransactionalAction.java:18)
	at play.core.j.JavaAction.$anonfun$apply$8(JavaAction.scala:138)
	at scala.concurrent.Future$.$anonfun$apply$1(Future.scala:654)
	at scala.util.Success.$anonfun$map$1(Try.scala:251)
	at scala.util.Success.map(Try.scala:209)
	at scala.concurrent.Future.$anonfun$map$1(Future.scala:288)
	at scala.concurrent.impl.Promise.liftedTree1$1(Promise.scala:29)
	at scala.concurrent.impl.Promise.$anonfun$transform$1(Promise.scala:29)
	at scala.concurrent.impl.CallbackRunnable.run(Promise.scala:60)
	at play.core.j.HttpExecutionContext$$anon$2.run(HttpExecutionContext.scala:56)
	at play.api.libs.streams.Execution$trampoline$.execute(Execution.scala:70)
	at play.core.j.HttpExecutionContext.execute(HttpExecutionContext.scala:48)
	at scala.concurrent.impl.CallbackRunnable.executeWithValue(Promise.scala:68)
	at scala.concurrent.impl.Promise$KeptPromise$Kept.onComplete(Promise.scala:368)
	at scala.concurrent.impl.Promise$KeptPromise$Kept.onComplete$(Promise.scala:367)
	at scala.concurrent.impl.Promise$KeptPromise$Successful.onComplete(Promise.scala:375)
	at scala.concurrent.impl.Promise.transform(Promise.scala:29)
	at scala.concurrent.impl.Promise.transform$(Promise.scala:27)
	at scala.concurrent.impl.Promise$KeptPromise$Successful.transform(Promise.scala:375)
	at scala.concurrent.Future.map(Future.scala:288)
	at scala.concurrent.Future.map$(Future.scala:288)
	at scala.concurrent.impl.Promise$KeptPromise$Successful.map(Promise.scala:375)
	at scala.concurrent.Future$.apply(Future.scala:654)
	at play.core.j.JavaAction.apply(JavaAction.scala:138)
	at play.api.mvc.Action.$anonfun$apply$2(Action.scala:96)
	at play.api.libs.streams.StrictAccumulator.$anonfun$mapFuture$4(Accumulator.scala:174)
	at scala.util.Try$.apply(Try.scala:209)
	at play.api.libs.streams.StrictAccumulator.$anonfun$mapFuture$3(Accumulator.scala:174)
	at scala.Function1.$anonfun$andThen$1(Function1.scala:52)
	at scala.Function1.$anonfun$andThen$1(Function1.scala:52)
	at play.api.libs.streams.StrictAccumulator.run(Accumulator.scala:207)
	at play.core.server.AkkaHttpServer.$anonfun$runAction$4(AkkaHttpServer.scala:337)
	at akka.http.scaladsl.util.FastFuture$.strictTransform$1(FastFuture.scala:41)
	at akka.http.scaladsl.util.FastFuture$.$anonfun$transformWith$3(FastFuture.scala:51)
	... 12 common frames omitted
